<?xml version="1.0" encoding="UTF-8"?>
<!-- Generated by org.testng.reporters.JUnitXMLReporter -->
<testsuite ignored="0" hostname="salsas-MacBook-Air.local" failures="0" tests="10" name="SimpleRegression" time="2.055" errors="0" timestamp="2025-05-12T15:11:27 WIB">
  <testcase classname="testng.AssertTest" name="testMethod" time="0.004"/>
  <testcase classname="testng.RetryTest" name="flackyTest" time="0.006">
    <skipped/>
  </testcase> <!-- flackyTest -->
  <testcase classname="testng.RetryTest" name="flackyTest" time="0.0">
    <skipped/>
  </testcase> <!-- flackyTest -->
  <testcase classname="testng.DataProviderTest" name="testMethod" time="0.005"/>
  <testcase classname="testng.RetryTest" name="flackyTest" time="0.0"/>
  <testcase classname="testng.DataProviderTest" name="testMethod" time="0.0"/>
  <testcase classname="testng.DataProviderTest" name="testMethod" time="0.0"/>
  <testcase classname="testng.SimpleTest" name="testMethod" time="1.006"/>
  <testcase classname="testng.SimpleTest" name="testMethod2" time="0.506"/>
  <testcase classname="testng.SimpleTest" name="testMethod3" time="0.507"/>
</testsuite> <!-- SimpleRegression -->
