<?xml version="1.0" encoding="UTF-8"?>
<!-- Generated by org.testng.reporters.JUnitXMLReporter -->
<testsuite ignored="0" hostname="salsas-MacBook-Air.local" failures="0" tests="12" name="Task2Tests" time="8.891" errors="0" timestamp="2025-05-18T15:18:33 WIB">
  <testcase classname="restassured.LoginTest" name="testFailedLogin" time="0.665"/>
  <testcase classname="restassured.Register" name="testSuccessfulRegister" time="0.724"/>
  <testcase classname="restassured.Register" name="testRegisterWithExistingEmail" time="0.721"/>
  <testcase classname="restassured.GetListAllObjectTest" name="testGetAllObjects" time="0.687"/>
  <testcase classname="restassured.ListOfObjectsByIdsTest" name="testGetListofObjectsbyIds" time="0.817"/>
  <testcase classname="restassured.GetSingleObjectTest" name="testGetSingleObject" time="0.733"/>
  <testcase classname="restassured.AddObjectTest" name="testAddObject" time="0.81"/>
  <testcase classname="restassured.UpdateObjectTest" name="testUpdateObject" time="0.795"/>
  <testcase classname="restassured.PartiallyUpdateObjectTest" name="testPartiallyUpdateObject" time="0.754"/>
  <testcase classname="restassured.DeleteObjectTest" name="testDeleteObject" time="0.72"/>
  <testcase classname="restassured.DeleteObjectTest" name="testDeleteObject" time="0.712"/>
  <testcase classname="restassured.GetAllDepartmentTest" name="testGetAllDepartment" time="0.722"/>
</testsuite> <!-- Task2Tests -->
