<?xml version="1.0" encoding="UTF-8"?>
<testsuite xmlns:xsi="http://www.w3.org/2001/XMLSchema-instance" xsi:noNamespaceSchemaLocation="https://maven.apache.org/surefire/maven-surefire-plugin/xsd/surefire-test-report.xsd" version="3.0.2" name="TestSuite" time="16.512" tests="11" errors="0" skipped="0" failures="0">
  <properties>
[...]
</properties>
  <testcase name="registerUser" classname="e2e.pojo.GetListObject" time="1.735">
    <system-out><![CDATA[Request method:	POST
Request URI:	https://whitesmokehouse.com/webhook/api/register
Proxy:			<none>
Request params:	<none>
Query params:	<none>
Form params:	<none>
Path params:	<none>
Headers:		Accept=*/*
				Content-Type=application/json
Cookies:		<none>
Multiparts:		<none>
Body:
{
    "email": "user_3b2028b6@test.com",
    "full_name": "Tester Pojo",
    "password": "Password1!",
    "department": "Executive",
    "phone_number": "0812398899327"
}
{
    "id": "544",
    "email": "user_3b2028b6@test.com",
    "full_name": "Tester Pojo",
    "department": "Executive",
    "phone_number": "0812398899327",
    "create_at": "2025-05-24T09:57:47.108Z",
    "update_at": "2025-05-24T09:57:47.108Z"
}
]]></system-out>
    <system-err><![CDATA[SLF4J(W): No SLF4J providers were found.
SLF4J(W): Defaulting to no-operation (NOP) logger implementation
SLF4J(W): See https://www.slf4j.org/codes.html#noProviders for further details.
]]></system-err>
  </testcase>
  <testcase name="loginUser" classname="e2e.pojo.GetListObject" time="1.242">
    <system-out><![CDATA[Request method:	POST
Request URI:	https://whitesmokehouse.com/webhook/api/login
Proxy:			<none>
Request params:	<none>
Query params:	<none>
Form params:	<none>
Path params:	<none>
Headers:		Accept=*/*
				Content-Type=application/json
Cookies:		<none>
Multiparts:		<none>
Body:
{
    "email": "user_3b2028b6@test.com",
    "full_name": "Tester Pojo",
    "password": "Password1!",
    "department": "Executive",
    "phone_number": "0812398899327"
}
Token: null
]]></system-out>
  </testcase>
  <testcase name="getListAllObject" classname="e2e.pojo.GetListObject" time="1.555">
    <system-out><![CDATA[Request method:	GET
Request URI:	https://whitesmokehouse.com/webhook/api/objects
Proxy:			<none>
Request params:	<none>
Query params:	<none>
Form params:	<none>
Path params:	<none>
Headers:		Authorization=Bearer eyJhbGciOiJIUzI1NiIsInR5cCI6IkpXVCJ9.eyJpZCI6IjU0NCIsImlhdCI6MTc0ODA4MDY2OH0.6TG2HmS5PZ-fqpV6LB7H3JV-o8ABXkuqiw8_WRI2Oi8
				Accept=*/*
				Content-Type=application/json
Cookies:		<none>
Multiparts:		<none>
Body:			<none>
[
    {
        "id": 400,
        "name": "Samsung A53 5G",
        "data": {
            "year": "2022",
            "price": "3000",
            "CPU model": "Exynos",
            "Hard disk size": "256 GB",
            "color": "Black",
            "capacity": 123,
            "screen_size": 5
        }
    },
    {
        "id": 82,
        "name": "Apple MacBook Pro 1611-albert12",
        "data": {
            "year": "2030",
            "price": "1849.99",
            "CPU model": "Intel Core i9",
            "Hard disk size": "1 TB",
            "color": "red",
            "capacity": 2,
            "screen_size": 14
        }
    },
    {
        "id": 50,
        "name": "Apple MacBook Pro 16",
        "data": {
            "year": "2019",
            "price": "1849.99",
            "CPU model": "Intel Core i9",
            "Hard disk size": "1 TB",
            "color": "red",
            "capacity": 2,
            "screen_size": 14
        }
    },
    {
        "id": 48,
        "name": "Apple MacBook Pro 16",
        "data": {
            "year": "2019",
            "price": "1849.99",
            "CPU model": "Intel Core i9",
            "Hard disk size": "1 TB",
            "color": "red",
            "capacity": 2,
            "screen_size": 14
        }
    },
    {
        "id": 14,
        "name": "Apple MacBook Pro 1611-albert12",
        "data": {
            "year": "2030",
            "price": "1849.99",
            "CPU model": "Intel Core i9",
            "Hard disk size": "1 TB",
            "color": "red",
            "capacity": 2,
            "screen_size": 14
        }
    },
    {
        "id": 210,
        "name": "Apple MacBook Pro 16 Diana Punya",
        "data": {
            "year": "2025",
            "price": "1849.99",
            "CPU model": "Intel Core i9",
            "Hard disk size": "1 TB",
            "color": "red",
            "capacity": 2,
            "screen_size": 14
        }
    },
    {
        "id": 214,
        "name": "Apple MacBook Pro 16 Diana Punya",
        "data": {
            "year": "2025",
            "price": "1849.99",
            "CPU model": "Intel Core i9",
            "Hard disk size": "1 TB",
            "color": "red",
            "capacity": 2,
            "screen_size": 14
        }
    },
    {
        "id": 216,
        "name": "Apple MacBook Pro 16 Diana Punya",
        "data": {
            "year": "2025",
            "price": "1849.99",
            "CPU model": "Intel Core i9",
            "Hard disk size": "1 TB",
            "color": "red",
            "capacity": 2,
            "screen_size": 14
        }
    },
    {
        "id": 16,
        "name": "Apple MacBook Pro 16 - Alifa",
        "data": {
            "year": "2019",
            "price": "1849.99",
            "CPU model": "Intel Core i9",
            "Hard disk size": "1 TB",
            "color": "red",
            "capacity": 2,
            "screen_size": 14
        }
    },
    {
        "id": 19,
        "name": "Apple MacBook Pro 16 - Alifa Final",
        "data": {
            "year": "2019",
            "price": "1849.99",
            "CPU model": "Intel Core i9",
            "Hard disk size": "1 TB",
            "color": "red",
            "capacity": 2,
            "screen_size": 14
        }
    },
    {
        "id": 184,
        "name": "Apple MacBook Pro 1611-albert12",
        "data": {
            "year": "2030",
            "price": "1849.99",
            "CPU model": "Intel Core i9",
            "Hard disk size": "1 TB",
            "color": "blue",
            "capacity": 2,
            "screen_size": 14
        }
    },
    {
        "id": 219,
        "name": "Apple MacBook Pro 16",
        "data": {
            "year": "2019",
            "price": "1849.99",
            "CPU model": "Intel Core i9",
            "Hard disk size": "1 TB",
            "color": "red",
            "capacity": 2,
            "screen_size": 14
        }
    },
    {
        "id": 221,
        "name": "Apple MacBook Pro 16 Diana Punya",
        "data": {
            "year": "2025",
            "price": "1849.99",
            "CPU model": "Intel Core i9",
            "Hard disk size": "1 TB",
            "color": "red",
            "capacity": 2,
            "screen_size": 14
        }
    },
    {
        "id": 67,
        "name": "Apple MacBook Pro 1611-albert12",
        "data": {
            "year": "2030",
            "price": "1849.99",
            "CPU model": "Intel Core i9",
            "Hard disk size": "1 TB",
            "color": "Gray",
            "capacity": 2,
            "screen_size": 14
        }
    },
    {
        "id": 49,
        "name": "Apple MacBook Pro 16",
        "data": {
            "year": "2019",
            "price": "1849.99",
            "CPU model": "Intel Core i9",
            "Hard disk size": "1 TB",
            "color": "red",
            "capacity": 2,
            "screen_size": 14
        }
    },
    {
        "id": 60,
        "name": "Apple MacBook Pro 16",
        "data": {
            "year": "2019",
            "price": "1849.99",
            "CPU model": "Intel Core i9",
            "Hard disk size": "1 TB",
            "color": "red",
            "capacity": 2,
            "screen_size": 14
        }
    },
    {
        "id": 212,
        "name": "Perbarui Diana Sebagian",
        "data": {
            "year": "2025",
            "price": "1849.99",
            "CPU model": "Intel Core i9",
            "Hard disk size": "1 TB",
            "color": "red",
            "capacity": 2,
            "screen_size": 14
        }
    },
    {
        "id": 46,
        "name": "Lenovo K14",
        "data": {
            "year": "2024",
            "price": "1849.99",
            "CPU model": "Intel Core i9",
            "Hard disk size": "1 TB",
            "color": "black",
            "capacity": 2,
            "screen_size": 14
        }
    },
    {
        "id": 199,
        "name": "Apple MacBook Pro 16",
        "data": {
            "year": "2019",
            "price": "1849.99",
            "CPU model": "Intel Core i9",
            "Hard disk size": "1 TB",
            "color": "red",
            "capacity": 2,
            "screen_size": 14
        }
    },
    {
        "id": 23,
        "name": "Apple MacBook Pro 16",
        "data": {
            "year": "2019",
            "price": "1849.99",
            "CPU model": "Intel Core i9",
            "Hard disk size": "1 TB",
            "color": "red",
            "capacity": 2,
            "screen_size": 14
        }
    },
    {
        "id": 24,
        "name": "Apple MacBook Pro 16",
        "data": {
            "year": "2019",
            "price": "1849.99",
            "CPU model": "Intel Core i9",
            "Hard disk size": "1 TB",
            "color": "red",
            "capacity": 2,
            "screen_size": 14
        }
    },
    {
        "id": 25,
        "name": "Produk coba coba",
        "data": {
            "year": "2019",
            "price": "1849.99",
            "CPU model": "Intel Core i9",
            "Hard disk size": "1 TB",
            "color": "red",
            "capacity": 2,
            "screen_size": 14
        }
    },
    {
        "id": 26,
        "name": "Produk coba coba",
        "data": {
            "year": "2019",
            "price": "1849.99",
            "CPU model": "Intel Core i9",
            "Hard disk size": "1 TB",
            "color": "red",
            "capacity": 2,
            "screen_size": 14
        }
    },
    {
        "id": 27,
        "name": "Apple MacBook Pro 16",
        "data": {
            "year": "2019",
            "price": "1849.99",
            "CPU model": "Intel Core i9",
            "Hard disk size": "1 TB",
            "color": "red",
            "capacity": 2,
            "screen_size": 14
        }
    },
    {
        "id": 28,
        "name": "Apple MacBook Pro 16 - Alifa",
        "data": {
            "year": "2019",
            "price": "1849.99",
            "CPU model": "Intel Core i9",
            "Hard disk size": "1 TB",
            "color": "red",
            "capacity": 2,
            "screen_size": 14
        }
    },
    {
        "id": 9,
        "name": "Apple MacBook Pro 25 - Alifa Updated",
        "data": {
            "year": "2025",
            "price": "1999.99",
            "CPU model": "M5",
            "Hard disk size": "2 TB",
            "color": "grey",
            "capacity": 1,
            "screen_size": 13
        }
    },
    {
        "id": 30,
        "name": "Apple MacBook Pro 16",
        "data": {
            "year": "2019",
            "price": "1849.99",
            "CPU model": "Intel Core i9",
            "Hard disk size": "1 TB",
            "color": "red",
            "capacity": 2,
            "screen_size": 14
        }
    },
    {
        "id": 31,
        "name": "Lenovo K14",
        "data": {
            "year": "2024",
            "price": "1849.99",
            "CPU model": "Intel Core i9",
            "Hard disk size": "1 TB",
            "color": "black",
            "capacity": 2,
            "screen_size": 14
        }
    },
    {
        "id": 32,
        "name": "Apple MacBook Pro 16",
        "data": {
            "year": "2019",
            "price": "1849.99",
            "CPU model": "Intel Core i9",
            "Hard disk size": "1 TB",
            "color": "red",
            "capacity": 2,
            "screen_size": 14
        }
    },
    {
        "id": 33,
        "name": "Apple MacBook Pro 16",
        "data": {
            "year": "2019",
            "price": "1849.99",
            "CPU model": "Intel Core i9",
            "Hard disk size": "1 TB",
            "color": "red",
            "capacity": 2,
            "screen_size": 14
        }
    },
    {
        "id": 36,
        "name": "Apple MacBook Pro 1611-albert12",
        "data": {
            "year": "2030",
            "price": "1849.99",
            "CPU model": "Intel Core i9",
            "Hard disk size": "1 TB",
            "color": "red",
            "capacity": 2,
            "screen_size": 14
        }
    },
    {
        "id": 65,
        "name": "Apple MacBook Pro 16",
        "data": {
            "year": "2019",
            "price": "1849.99",
            "CPU model": "Intel Core i9",
            "Hard disk size": "1 TB",
            "color": "red",
            "capacity": 2,
            "screen_size": 14
        }
    },
    {
        "id": 83,
        "name": "Apple MacBook Pro 1611-albert12",
        "data": {
            "year": "2030",
            "price": "1849.99",
            "CPU model": "Intel Core i9",
            "Hard disk size": "1 TB",
            "color": "red",
            "capacity": 2,
            "screen_size": 14
        }
    },
    {
        "id": 62,
        "name": "Apple MacBook Pro M1",
        "data": {
            "year": "2020",
            "price": "1849.99",
            "CPU model": "Intel Core i9",
            "Hard disk size": "1 TB",
            "color": "blue",
            "capacity": 2,
            "screen_size": 14
        }
    },
    {
        "id": 51,
        "name": "Lenovo K14",
        "data": {
            "year": "2024",
            "price": "1849.99",
            "CPU model": "Intel Core i9",
            "Hard disk size": "1 TB",
            "color": "black",
            "capacity": 2,
            "screen_size": 14
        }
    },
    {
        "id": 201,
        "name": "Apple MacBook Pro 16",
        "data": {
            "year": "2019",
            "price": "1849.99",
            "CPU model": "Intel Core i9",
            "Hard disk size": "1 TB",
            "color": "red",
            "capacity": 2,
            "screen_size": 14
        }
    },
    {
        "id": 53,
        "name": "Apple MacBook Pro 16",
        "data": {
            "year": "2019",
            "price": "1849.99",
            "CPU model": "Intel Core i9",
            "Hard disk size": "1 TB",
            "color": "red",
            "capacity": 2,
            "screen_size": 14
        }
    },
    {
        "id": 225,
        "name": "Apple MacBook Pro 1611-albert12",
        "data": {
            "year": "2030",
            "price": "1849.99",
            "CPU model": "Intel Core i9",
            "Hard disk size": "1 TB",
            "color": "red",
            "capacity": 2,
            "screen_size": 14
        }
    },
    {
        "id": 193,
        "name": "Apple MacBook Pro 16",
        "data": {
            "year": "2019",
            "price": "1849.99",
            "CPU model": "Intel Core i9",
            "Hard disk size": "1 TB",
            "color": "red",
            "capacity": 2,
            "screen_size": 14
        }
    },
    {
        "id": 40,
        "name": "Apple MacBook Pro 16",
        "data": {
            "year": "2019",
            "price": "1849.99",
            "CPU model": "Intel Core i9",
            "Hard disk size": "1 TB",
            "color": "red",
            "capacity": 2,
            "screen_size": 14
        }
    },
    {
        "id": 229,
        "name": "Apple MacBook Pro 16",
        "data": {
            "year": "2019",
            "price": "1849.99",
            "CPU model": "Intel Core i9",
            "Hard disk size": "1 TB",
            "color": "red",
            "capacity": 2,
            "screen_size": 14
        }
    },
    {
        "id": 17,
        "name": "Apple MacBook Pro 1611-albert12",
        "data": {
            "year": "2030",
            "price": "1849.99",
            "CPU model": "Intel Core i9",
            "Hard disk size": "1 TB",
            "color": "red",
            "capacity": 2,
            "screen_size": 14
        }
    },
    {
        "id": 73,
        "name": "Apple MacBook Pro 16",
        "data": {
            "year": "2019",
            "price": "1849.99",
            "CPU model": "Intel Core i9",
            "Hard disk size": "1 TB",
            "color": "red",
            "capacity": 2,
            "screen_size": 14
        }
    },
    {
        "id": 21,
        "name": "Apple MacBook Pro 16",
        "data": {
            "year": "2019",
            "price": "1849.99",
            "CPU model": "Intel Core i9",
            "Hard disk size": "1 TB",
            "color": "red",
            "capacity": 2,
            "screen_size": 14
        }
    },
    {
        "id": 66,
        "name": "Lenovo K14",
        "data": {
            "year": "2024",
            "price": "1849.99",
            "CPU model": "Intel Core i9",
            "Hard disk size": "1 TB",
            "color": "black",
            "capacity": 2,
            "screen_size": 14
        }
    },
    {
        "id": 80,
        "name": "Apple MacBook Pro 16",
        "data": {
            "year": "2019",
            "price": "1849.99",
            "CPU model": "Intel Core i9",
            "Hard disk size": "1 TB",
            "color": "red",
            "capacity": 2,
            "screen_size": 14
        }
    },
    {
        "id": 77,
        "name": "Apple MacBook Pro 16",
        "data": {
            "year": "2019",
            "price": "1849.99",
            "CPU model": "Intel Core i9",
            "Hard disk size": "1 TB",
            "color": "red",
            "capacity": 2,
            "screen_size": 14
        }
    },
    {
        "id": 76,
        "name": "Apple MacBook Pro 16",
        "data": {
            "year": "2019",
            "price": "1849.99",
            "CPU model": "Intel Core i9",
            "Hard disk size": "1 TB",
            "color": "red",
            "capacity": 2,
            "screen_size": 14
        }
    },
    {
        "id": 79,
        "name": "Apple MacBook Pro 16",
        "data": {
            "year": "2019",
            "price": "1849.99",
            "CPU model": "Intel Core i9",
            "Hard disk size": "1 TB",
            "color": "red",
            "capacity": 2,
            "screen_size": 14
        }
    },
    {
        "id": 239,
        "name": "Lenovo Ideapad 7i",
        "data": {
            "year": "2023",
            "price": "1849.99",
            "CPU model": "Intel Core i7",
            "Hard disk size": "1 TB",
            "color": "silver",
            "capacity": 2,
            "screen_size": 14
        }
    },
    {
        "id": 18,
        "name": "Lenovo Ideapad 7i test patch",
        "data": {
            "year": "2023",
            "price": "1849.99",
            "CPU model": "Intel Core i9",
            "Hard disk size": "1 TB",
            "color": "red",
            "capacity": 2,
            "screen_size": 14
        }
    },
    {
        "id": 85,
        "name": "maaf list ini sedang di test, mohon coba lagi",
        "data": {
            "year": "2019",
            "price": "1849.99",
            "CPU model": "Intel Core i9",
            "Hard disk size": "1 TB",
            "color": "red",
            "capacity": 2,
            "screen_size": 14
        }
    },
    {
        "id": 75,
        "name": "Nah ini test untuk partial",
        "data": {
            "year": "1998",
            "price": "1849.99",
            "CPU model": "Intel Core i9",
            "Hard disk size": "1 TB",
            "color": "red",
            "capacity": 2,
            "screen_size": 14
        }
    },
    {
        "id": 13,
        "name": "Apple MacBook Pro 1611-albert12",
        "data": {
            "year": "2030",
            "price": "1849.99",
            "CPU model": "Intel Core i9",
            "Hard disk size": "1 TB",
            "color": "red",
            "capacity": 2,
            "screen_size": 14
        }
    },
    {
        "id": 35,
        "name": "Apple MacBook Pro 1611-albert12",
        "data": {
            "year": "2030",
            "price": "1849.99",
            "CPU model": "Intel Core i9",
            "Hard disk size": "1 TB",
            "color": "red",
            "capacity": 2,
            "screen_size": 14
        }
    },
    {
        "id": 37,
        "name": "Apple MacBook Pro 1611-Maria06",
        "data": {
            "year": "2025",
            "price": "1849.99",
            "CPU model": "Intel Core i9",
            "Hard disk size": "1 TB",
            "color": "red",
            "capacity": 2,
            "screen_size": 14
        }
    },
    {
        "id": 70,
        "name": "Apple MacBook Pro 1611-albert12",
        "data": {
            "year": "2030",
            "price": "1849.99",
            "CPU model": "Intel Core i9",
            "Hard disk size": "1 TB",
            "color": "red",
            "capacity": 2,
            "screen_size": 14
        }
    },
    {
        "id": 78,
        "name": "Apple MacBook Pro 16",
        "data": {
            "year": "2019",
            "price": "1849.99",
            "CPU model": "Intel Core i9",
            "Hard disk size": "1 TB",
            "color": "red",
            "capacity": 2,
            "screen_size": 14
        }
    },
    {
        "id": 393,
        "name": "Tab Galaxy S10",
        "data": {
            "year": "2025",
            "price": "1000",
            "CPU model": "iOS 17",
            "Hard disk size": "1 TB",
            "color": "Black",
            "capacity": 255,
            "screen_size": 7
        }
    },
    {
        "id": 87,
        "name": "Apple MacBook Pro 16",
        "data": {
            "year": "2019",
            "price": "1849.99",
            "CPU model": "Intel Core i9",
            "Hard disk size": "1 TB",
            "color": "red",
            "capacity": 2,
            "screen_size": 14
        }
    },
    {
        "id": 88,
        "name": "Apple MacBook Pro 16",
        "data": {
            "year": "2019",
            "price": "1849.99",
            "CPU model": "Intel Core i9",
            "Hard disk size": "1 TB",
            "color": "red",
            "capacity": 2,
            "screen_size": 14
        }
    },
    {
        "id": 89,
        "name": "Apple MacBook Pro 16",
        "data": {
            "year": "2019",
            "price": "1849.99",
            "CPU model": "Intel Core i9",
            "Hard disk size": "1 TB",
            "color": "red",
            "capacity": 2,
            "screen_size": 14
        }
    },
    {
        "id": 90,
        "name": "Apple MacBook Pro 16",
        "data": {
            "year": "2019",
            "price": "1849.99",
            "CPU model": "Intel Core i9",
            "Hard disk size": "1 TB",
            "color": "red",
            "capacity": 2,
            "screen_size": 14
        }
    },
    {
        "id": 91,
        "name": "Apple MacBook Pro 16",
        "data": {
            "year": "2019",
            "price": "1849.99",
            "CPU model": "Intel Core i9",
            "Hard disk size": "1 TB",
            "color": "red",
            "capacity": 2,
            "screen_size": 14
        }
    },
    {
        "id": 188,
        "name": "Apple MacBook Pro 16",
        "data": {
            "year": "2019",
            "price": "1849.99",
            "CPU model": "Intel Core i9",
            "Hard disk size": "1 TB",
            "color": "red",
            "capacity": 2,
            "screen_size": 14
        }
    },
    {
        "id": 93,
        "name": "Apple MacBook Pro 16",
        "data": {
            "year": "2019",
            "price": "1849.99",
            "CPU model": "Intel Core i9",
            "Hard disk size": "1 TB",
            "color": "red",
            "capacity": 2,
            "screen_size": 14
        }
    },
    {
        "id": 135,
        "name": "Apple MacBook Pro 16",
        "data": {
            "year": "2019",
            "price": "1849.99",
            "CPU model": "Intel Core i9",
            "Hard disk size": "1 TB",
            "color": "red",
            "capacity": 2,
            "screen_size": 14
        }
    },
    {
        "id": 95,
        "name": "Apple MacBook Pro 16 Nikko",
        "data": {
            "year": "2019",
            "price": "1849.99",
            "CPU model": "Intel Core i9",
            "Hard disk size": "1 TB",
            "color": "red",
            "capacity": 2,
            "screen_size": 14
        }
    },
    {
        "id": 397,
        "name": "Apple MacBook Pro 2024",
        "data": {
            "year": "2024",
            "price": "30000000",
            "CPU model": "M2",
            "Hard disk size": "1 TB",
            "color": "White",
            "capacity": 2,
            "screen_size": 16
        }
    },
    {
        "id": 401,
        "name": "Samsung A53 5G",
        "data": {
            "year": "2022",
            "price": "3000",
            "CPU model": "Exynos",
            "Hard disk size": "256 GB",
            "color": "Black",
            "capacity": 123,
            "screen_size": 5
        }
    },
    {
        "id": 133,
        "name": "Apple MacBook Pro 16",
        "data": {
            "year": "2019",
            "price": "1849.99",
            "CPU model": "Intel Core i9",
            "Hard disk size": "1 TB",
            "color": "red",
            "capacity": 2,
            "screen_size": 14
        }
    },
    {
        "id": 96,
        "name": "Apple MacBook Pro 16 Nikko",
        "data": {
            "year": "2019",
            "price": "1849.99",
            "CPU model": "Intel Core i9",
            "Hard disk size": "1 TB",
            "color": "red",
            "capacity": 2,
            "screen_size": 14
        }
    },
    {
        "id": 136,
        "name": "Apple MacBook Pro 16",
        "data": {
            "year": "2019",
            "price": "1849.99",
            "CPU model": "Intel Core i9",
            "Hard disk size": "1 TB",
            "color": "red",
            "capacity": 2,
            "screen_size": 14
        }
    },
    {
        "id": 197,
        "name": "Apple MacBook Pro 16 Diana Punya",
        "data": {
            "year": "2025",
            "price": "1849.99",
            "CPU model": "Intel Core i9",
            "Hard disk size": "1 TB",
            "color": "red",
            "capacity": 2,
            "screen_size": 14
        }
    },
    {
        "id": 200,
        "name": "Apple MacBook Pro 16 Diana Punya",
        "data": {
            "year": "2025",
            "price": "1849.99",
            "CPU model": "Intel Core i9",
            "Hard disk size": "1 TB",
            "color": "red",
            "capacity": 2,
            "screen_size": 14
        }
    },
    {
        "id": 404,
        "name": "Appleku",
        "data": {
            "year": "2019",
            "price": "1849.99",
            "CPU model": "Intel Core i9",
            "Hard disk size": "1 TB",
            "color": "red",
            "capacity": 2,
            "screen_size": 14
        }
    },
    {
        "id": 103,
        "name": "Apple MacBook Pro 16",
        "data": {
            "year": "2019",
            "price": "1849.99",
            "CPU model": "Intel Core i9",
            "Hard disk size": "1 TB",
            "color": "red",
            "capacity": 2,
            "screen_size": 14
        }
    },
    {
        "id": 107,
        "name": "Apple MacBook Pro 16",
        "data": {
            "year": "2019",
            "price": "1849.99",
            "CPU model": "Intel Core i9",
            "Hard disk size": "1 TB",
            "color": "red",
            "capacity": 2,
            "screen_size": 14
        }
    },
    {
        "id": 145,
        "name": "Apple MacBook Pro 1611-albert12",
        "data": {
            "year": "2030",
            "price": "1849.99",
            "CPU model": "Intel Core i9",
            "Hard disk size": "1 TB",
            "color": "red",
            "capacity": 2,
            "screen_size": 14
        }
    },
    {
        "id": 106,
        "name": "Apple MacBook Pro 17",
        "data": {
            "year": "2019",
            "price": "1849.99",
            "CPU model": "Intel Core i9",
            "Hard disk size": "1 TB",
            "color": "red",
            "capacity": 2,
            "screen_size": 14
        }
    },
    {
        "id": 94,
        "name": "Apple MacBook Pro X 22",
        "data": {
            "year": "2022",
            "price": "1849.99",
            "CPU model": "Intel Core i9",
            "Hard disk size": "1 TB",
            "color": "red",
            "capacity": 2,
            "screen_size": 14
        }
    },
    {
        "id": 104,
        "name": "Apple MacBook Pro 1611-albert12",
        "data": {
            "year": "2030",
            "price": "1849.99",
            "CPU model": "Intel Core i9",
            "Hard disk size": "1 TB",
            "color": "red",
            "capacity": 2,
            "screen_size": 14
        }
    },
    {
        "id": 105,
        "name": "Apple MacBook Pro 16",
        "data": {
            "year": "2019",
            "price": "1849.99",
            "CPU model": "Intel Core i9",
            "Hard disk size": "1 TB",
            "color": "red",
            "capacity": 2,
            "screen_size": 14
        }
    },
    {
        "id": 110,
        "name": "Apple MacBook Pro 16",
        "data": {
            "year": "2019",
            "price": "1849.99",
            "CPU model": "Intel Core i9",
            "Hard disk size": "1 TB",
            "color": "red",
            "capacity": 2,
            "screen_size": 14
        }
    },
    {
        "id": 407,
        "name": "Lenovo K14",
        "data": {
            "year": "2024",
            "price": "1849.99",
            "CPU model": "Intel Core i9",
            "Hard disk size": "1 TB",
            "color": "black",
            "capacity": 2,
            "screen_size": 14
        }
    },
    {
        "id": 113,
        "name": "Apple MacBook Pro 16",
        "data": {
            "year": "2019",
            "price": "1849.99",
            "CPU model": "Intel Core i9",
            "Hard disk size": "1 TB",
            "color": "red",
            "capacity": 2,
            "screen_size": 14
        }
    },
    {
        "id": 114,
        "name": "Apple MacBook Pro 16",
        "data": {
            "year": "2019",
            "price": "1849.99",
            "CPU model": "Intel Core i9",
            "Hard disk size": "1 TB",
            "color": "red",
            "capacity": 2,
            "screen_size": 14
        }
    },
    {
        "id": 115,
        "name": "Apple MacBook Pro 16",
        "data": {
            "year": "2019",
            "price": "1849.99",
            "CPU model": "Intel Core i9",
            "Hard disk size": "1 TB",
            "color": "red",
            "capacity": 2,
            "screen_size": 14
        }
    },
    {
        "id": 119,
        "name": "Asus Notebook Yuana",
        "data": {
            "year": "2025",
            "price": "1000",
            "CPU model": "Intel I3",
            "Hard disk size": "500 GB",
            "color": "red",
            "capacity": 2,
            "screen_size": 15
        }
    },
    {
        "id": 120,
        "name": "Apple MacBook Pro 16",
        "data": {
            "year": "2019",
            "price": "1849.99",
            "CPU model": "Intel Core i9",
            "Hard disk size": "1 TB",
            "color": "red",
            "capacity": 2,
            "screen_size": 14
        }
    },
    {
        "id": 117,
        "name": "Apple MacBook Pro 16",
        "data": {
            "year": "2019",
            "price": "1849.99",
            "CPU model": "Intel Core i9",
            "Hard disk size": "1 TB",
            "color": "red",
            "capacity": 2,
            "screen_size": 14
        }
    },
    {
        "id": 108,
        "name": "Lenovo Thinkpad T14s - Drajatp",
        "data": {
            "year": "2024",
            "price": "2049.99",
            "CPU model": "Intel vPRO Enterprise",
            "Hard disk size": "500 GB",
            "color": "black",
            "capacity": 4,
            "screen_size": 14
        }
    },
    {
        "id": 160,
        "name": "Apple MacBook Pro 16",
        "data": {
            "year": "2019",
            "price": "1849.99",
            "CPU model": "Intel Core i9",
            "Hard disk size": "1 TB",
            "color": "red",
            "capacity": 2,
            "screen_size": 14
        }
    },
    {
        "id": 101,
        "name": "Apple MacBook Pro 160-DianaPunya",
        "data": {
            "year": "2027",
            "price": "23500000",
            "CPU model": "Intel Core i9",
            "Hard disk size": "1 TB",
            "color": "Black",
            "capacity": 2,
            "screen_size": 16
        }
    },
    {
        "id": 413,
        "name": "Apple MacBook Pro 16",
        "data": {
            "year": "2019",
            "price": "1849.99",
            "CPU model": "Intel Core i9",
            "Hard disk size": "1 TB",
            "color": "red",
            "capacity": 2,
            "screen_size": 14
        }
    },
    {
        "id": 128,
        "name": "ACER Notebook Yuana",
        "data": {
            "year": "2024",
            "price": "4000",
            "CPU model": "Intel I7",
            "Hard disk size": "500 GB",
            "color": "hitam",
            "capacity": 2,
            "screen_size": 15
        }
    },
    {
        "id": 124,
        "name": "ACER Notebook Yuana",
        "data": {
            "year": "2024",
            "price": "4000",
            "CPU model": "Intel I7",
            "Hard disk size": "500 GB",
            "color": "hitam",
            "capacity": 2,
            "screen_size": 15
        }
    },
    {
        "id": 121,
        "name": "Apple MacBook Pro 16",
        "data": {
            "year": "2019",
            "price": "1849.99",
            "CPU model": "Intel Core i9",
            "Hard disk size": "1 TB",
            "color": "red",
            "capacity": 2,
            "screen_size": 14
        }
    },
    {
        "id": 129,
        "name": "Apple MacBook Pro 16",
        "data": {
            "year": "2019",
            "price": "1849.99",
            "CPU model": "Intel Core i9",
            "Hard disk size": "1 TB",
            "color": "red",
            "capacity": 2,
            "screen_size": 14
        }
    },
    {
        "id": 100,
        "name": "Apple MacBook Pro 12",
        "data": {
            "year": "2030",
            "price": "1849.99",
            "CPU model": "Intel Core i9",
            "Hard disk size": "1 TB",
            "color": "red",
            "capacity": 2,
            "screen_size": 14
        }
    },
    {
        "id": 138,
        "name": "Apple MacBook Pro 1611-albert12",
        "data": {
            "year": "2030",
            "price": "1849.99",
            "CPU model": "Intel Core i9",
            "Hard disk size": "1 TB",
            "color": "red",
            "capacity": 2,
            "screen_size": 14
        }
    },
    {
        "id": 202,
        "name": "Apple MacBook Pro 16 Diana Punya Updated",
        "data": {
            "year": "2027",
            "price": "9384765",
            "CPU model": "Intel Core i9 plus",
            "Hard disk size": "3 TB",
            "color": "blue",
            "capacity": 5,
            "screen_size": 15
        }
    },
    {
        "id": 102,
        "name": "Apple MacBook Pro 1611-ikhsan12",
        "data": {
            "year": "2030",
            "price": "1849.99",
            "CPU model": "Intel Core i9",
            "Hard disk size": "1 TB",
            "color": "red",
            "capacity": 2,
            "screen_size": 14
        }
    },
    {
        "id": 140,
        "name": "Acer Aspire Lite AL14-52M-54V4",
        "data": {
            "year": "2024",
            "price": "10000000",
            "CPU model": "Intel Core i5-1334 CPU @1.30-4.60Ghz",
            "Hard disk size": "512GB SSD M2 NVMe",
            "color": "black",
            "capacity": 10,
            "screen_size": 14
        }
    },
    {
        "id": 132,
        "name": "ACER Notebook Yuana",
        "data": {
            "year": "2024",
            "price": "4000",
            "CPU model": "Intel I7",
            "Hard disk size": "500 GB",
            "color": "hitam",
            "capacity": 2,
            "screen_size": 15
        }
    },
    {
        "id": 153,
        "name": "Apple MacBook Pro 1611-albert12",
        "data": {
            "year": "2030",
            "price": "1849.99",
            "CPU model": "Intel Core i9",
            "Hard disk size": "1 TB",
            "color": "red",
            "capacity": 2,
            "screen_size": 14
        }
    },
    {
        "id": 142,
        "name": "Apple MacBook Pro 16",
        "data": {
            "year": "2019",
            "price": "1849.99",
            "CPU model": "Intel Core i9",
            "Hard disk size": "1 TB",
            "color": "red",
            "capacity": 2,
            "screen_size": 14
        }
    },
    {
        "id": 97,
        "name": "Apple MacBook Pro 16",
        "data": {
            "year": "2019",
            "price": "1849.99",
            "CPU model": "Intel Core i9",
            "Hard disk size": "1 TB",
            "color": "red",
            "capacity": 2,
            "screen_size": 14
        }
    },
    {
        "id": 143,
        "name": "Apple MacBook Pro 16",
        "data": {
            "year": "2019",
            "price": "1849.99",
            "CPU model": "Intel Core i9",
            "Hard disk size": "1 TB",
            "color": "red",
            "capacity": 2,
            "screen_size": 14
        }
    },
    {
        "id": 144,
        "name": "Apple MacBook Pro 16",
        "data": {
            "year": "2019",
            "price": "1849.99",
            "CPU model": "Intel Core i9",
            "Hard disk size": "1 TB",
            "color": "red",
            "capacity": 2,
            "screen_size": 14
        }
    },
    {
        "id": 154,
        "name": "Add object Destia",
        "data": {
            "year": "2019",
            "price": "1849.99",
            "CPU model": "Intel Core i9",
            "Hard disk size": "1 TB",
            "color": "red",
            "capacity": 2,
            "screen_size": 14
        }
    },
    {
        "id": 155,
        "name": "Add object Destia via TestNG",
        "data": {
            "year": "2019",
            "price": "1849.99",
            "CPU model": "Intel Core i9",
            "Hard disk size": "1 TB",
            "color": "red",
            "capacity": 2,
            "screen_size": 14
        }
    },
    {
        "id": 158,
        "name": "Apple MacBook Pro 16",
        "data": {
            "year": "2019",
            "price": "1849.99",
            "CPU model": "Intel Core i9",
            "Hard disk size": "1 TB",
            "color": "red",
            "capacity": 2,
            "screen_size": 14
        }
    },
    {
        "id": 159,
        "name": "Add object Destia via TestNG",
        "data": {
            "year": "2025",
            "price": "1849.99",
            "CPU model": "ADD Intel Core i9",
            "Hard disk size": "1 TB",
            "color": "red",
            "capacity": 2,
            "screen_size": 14
        }
    },
    {
        "id": 156,
        "name": "DESTIA Update Partial Object",
        "data": {
            "year": "2025",
            "price": "1849.99",
            "CPU model": "ADD Intel Core i9",
            "Hard disk size": "1 TB",
            "color": "red",
            "capacity": 2,
            "screen_size": 14
        }
    },
    {
        "id": 161,
        "name": "Apple MacBook Pro 16",
        "data": {
            "year": "2019",
            "price": "1849.99",
            "CPU model": "Intel Core i9",
            "Hard disk size": "1 TB",
            "color": "red",
            "capacity": 2,
            "screen_size": 14
        }
    },
    {
        "id": 164,
        "name": "Apple MacBook Pro 16",
        "data": {
            "year": "2019",
            "price": "1849.99",
            "CPU model": "Intel Core i9",
            "Hard disk size": "1 TB",
            "color": "red",
            "capacity": 2,
            "screen_size": 14
        }
    },
    {
        "id": 163,
        "name": "Apple MacBook Pro 16",
        "data": {
            "year": "2019",
            "price": "1849.99",
            "CPU model": "Intel Core i9",
            "Hard disk size": "1 TB",
            "color": "red",
            "capacity": 2,
            "screen_size": 14
        }
    },
    {
        "id": 111,
        "name": "Apple MacBook Pro 1611-albert12",
        "data": {
            "year": "2030",
            "price": "1000",
            "CPU model": "Intel I3",
            "Hard disk size": "500 GB",
            "color": "red",
            "capacity": 2,
            "screen_size": 15
        }
    },
    {
        "id": 394,
        "name": "Samsung A53 5G",
        "data": {
            "year": "2022",
            "price": "3000",
            "CPU model": "Exynos",
            "Hard disk size": "256 GB",
            "color": "Black",
            "capacity": 123,
            "screen_size": 5
        }
    },
    {
        "id": 165,
        "name": "Apple MacBook Pro 16",
        "data": {
            "year": "2019",
            "price": "1849.99",
            "CPU model": "Intel Core i9",
            "Hard disk size": "1 TB",
            "color": "red",
            "capacity": 2,
            "screen_size": 14
        }
    },
    {
        "id": 167,
        "name": "Apple MacBook Pro 16",
        "data": {
            "year": "2019",
            "price": "1849.99",
            "CPU model": "Intel Core i9",
            "Hard disk size": "1 TB",
            "color": "red",
            "capacity": 2,
            "screen_size": 14
        }
    },
    {
        "id": 178,
        "name": "HP SERI W EDIT",
        "data": {
            "year": "2019",
            "price": "1849.99",
            "CPU model": "Intel Core i9",
            "Hard disk size": "1 TB",
            "color": "red",
            "capacity": 2,
            "screen_size": 14
        }
    },
    {
        "id": 398,
        "name": "Apple MacBook Pro M1",
        "data": {
            "year": "2022",
            "price": "25000000",
            "CPU model": "M1",
            "Hard disk size": "1 TB",
            "color": "White",
            "capacity": 2,
            "screen_size": 16
        }
    },
    {
        "id": 169,
        "name": "Add object Destia via TestNG",
        "data": {
            "year": "2025",
            "price": "1849.99",
            "CPU model": "ADD Intel Core i9",
            "Hard disk size": "1 TB",
            "color": "red",
            "capacity": 2,
            "screen_size": 14
        }
    },
    {
        "id": 166,
        "name": "Apple MacBook Pro 1611-albert12",
        "data": {
            "year": "2030",
            "price": "1849.99",
            "CPU model": "Intel Core i9",
            "Hard disk size": "1 TB",
            "color": "red",
            "capacity": 2,
            "screen_size": 14
        }
    },
    {
        "id": 170,
        "name": "Lenovo Ideapad 7i",
        "data": {
            "year": "2023",
            "price": "1849.99",
            "CPU model": "Intel Core i7",
            "Hard disk size": "1 TB",
            "color": "silver",
            "capacity": 2,
            "screen_size": 14
        }
    },
    {
        "id": 171,
        "name": "Apple MacBook Pro 16",
        "data": {
            "year": "2019",
            "price": "1849.99",
            "CPU model": "Intel Core i9",
            "Hard disk size": "1 TB",
            "color": "red",
            "capacity": 2,
            "screen_size": 14
        }
    },
    {
        "id": 172,
        "name": "Apple MacBook Pro 16",
        "data": {
            "year": "2019",
            "price": "1849.99",
            "CPU model": "Intel Core i9",
            "Hard disk size": "1 TB",
            "color": "red",
            "capacity": 2,
            "screen_size": 14
        }
    },
    {
        "id": 173,
        "name": "Apple MacBook Pro 16",
        "data": {
            "year": "2019",
            "price": "1849.99",
            "CPU model": "Intel Core i9",
            "Hard disk size": "1 TB",
            "color": "red",
            "capacity": 2,
            "screen_size": 14
        }
    },
    {
        "id": 177,
        "name": "Laptop Uhuy",
        "data": {
            "year": "2025",
            "price": "2549.99",
            "CPU model": "Intel Core i9",
            "Hard disk size": "1 TB",
            "color": "Black",
            "capacity": 2,
            "screen_size": 16
        }
    },
    {
        "id": 207,
        "name": "Apple MacBook Pro 16 Diana Punya",
        "data": {
            "year": "2025",
            "price": "1849.99",
            "CPU model": "Intel Core i9",
            "Hard disk size": "1 TB",
            "color": "red",
            "capacity": 2,
            "screen_size": 14
        }
    },
    {
        "id": 179,
        "name": "Laptop Uhuy",
        "data": {
            "year": "2025",
            "price": "2549.99",
            "CPU model": "Intel Core i9",
            "Hard disk size": "1 TB",
            "color": "Black",
            "capacity": 2,
            "screen_size": 16
        }
    },
    {
        "id": 175,
        "name": "Laptop Uhuyan",
        "data": {
            "year": "2025",
            "price": "2549.99",
            "CPU model": "IntelCorei9",
            "Hard disk size": "2 TB",
            "color": "Black",
            "capacity": 2,
            "screen_size": 16
        }
    },
    {
        "id": 192,
        "name": "Apple MacBook Pro 1611-albert12",
        "data": {
            "year": "2030",
            "price": "2549.99",
            "CPU model": "Intel Core i9",
            "Hard disk size": "1 TB",
            "color": "Black",
            "capacity": 2,
            "screen_size": 16
        }
    },
    {
        "id": 408,
        "name": "Lenovo K14",
        "data": {
            "year": "2024",
            "price": "1849.99",
            "CPU model": "Intel Core i9",
            "Hard disk size": "1 TB",
            "color": "black",
            "capacity": 2,
            "screen_size": 14
        }
    },
    {
        "id": 402,
        "name": "Apple MacBook Pro 16",
        "data": {
            "year": "2019",
            "price": "1849.99",
            "CPU model": "Intel Core i9",
            "Hard disk size": "1 TB",
            "color": "red",
            "capacity": 2,
            "screen_size": 14
        }
    },
    {
        "id": 411,
        "name": "Laptop_cceb1",
        "data": {
            "year": "2025",
            "price": "1999.99",
            "CPU model": "Intel Core i7",
            "Hard disk size": "1 TB",
            "color": "black",
            "capacity": 2,
            "screen_size": 15
        }
    },
    {
        "id": 183,
        "name": "Laptop Uhuy",
        "data": {
            "year": "2025",
            "price": "2549.99",
            "CPU model": "Intel Core i9",
            "Hard disk size": "1 TB",
            "color": "Black",
            "capacity": 2,
            "screen_size": 16
        }
    },
    {
        "id": 195,
        "name": "Apple MacBook Pro 16 - update bondan",
        "data": {
            "year": "2019",
            "price": "1849.99",
            "CPU model": "Intel Core i9",
            "Hard disk size": "1 TB",
            "color": "red",
            "capacity": 2,
            "screen_size": 14
        }
    },
    {
        "id": 213,
        "name": "Apple MacBook Pro 16 Diana Punya",
        "data": {
            "year": "2025",
            "price": "1849.99",
            "CPU model": "Intel Core i9",
            "Hard disk size": "1 TB",
            "color": "red",
            "capacity": 2,
            "screen_size": 14
        }
    },
    {
        "id": 215,
        "name": "Apple MacBook Pro 16 Diana Punya",
        "data": {
            "year": "2025",
            "price": "1849.99",
            "CPU model": "Intel Core i9",
            "Hard disk size": "1 TB",
            "color": "red",
            "capacity": 2,
            "screen_size": 14
        }
    },
    {
        "id": 217,
        "name": "Apple MacBook Pro 16",
        "data": {
            "year": "2019",
            "price": "1849.99",
            "CPU model": "Intel Core i9",
            "Hard disk size": "1 TB",
            "color": "red",
            "capacity": 2,
            "screen_size": 14
        }
    },
    {
        "id": 218,
        "name": "Apple MacBook Pro 16 Diana Punya",
        "data": {
            "year": "2025",
            "price": "1849.99",
            "CPU model": "Intel Core i9",
            "Hard disk size": "1 TB",
            "color": "red",
            "capacity": 2,
            "screen_size": 14
        }
    },
    {
        "id": 256,
        "name": "Lenovo Ideapad 7i",
        "data": {
            "year": "2023",
            "price": "1849.99",
            "CPU model": "Intel Core i7",
            "Hard disk size": "1 TB",
            "color": "silver",
            "capacity": 2,
            "screen_size": 14
        }
    },
    {
        "id": 203,
        "name": "Apple MacBook Pro 16",
        "data": {
            "year": "2019",
            "price": "1849.99",
            "CPU model": "Intel Core i9",
            "Hard disk size": "1 TB",
            "color": "red",
            "capacity": 2,
            "screen_size": 14
        }
    },
    {
        "id": 220,
        "name": "Apple MacBook Pro 16 Diana Punya",
        "data": {
            "year": "2025",
            "price": "1849.99",
            "CPU model": "Intel Core i9",
            "Hard disk size": "1 TB",
            "color": "red",
            "capacity": 2,
            "screen_size": 14
        }
    },
    {
        "id": 246,
        "name": "Lenovo Ideapad 7i",
        "data": {
            "year": "2023",
            "price": "1849.99",
            "CPU model": "Intel Core i7",
            "Hard disk size": "1 TB",
            "color": "silver",
            "capacity": 2,
            "screen_size": 14
        }
    },
    {
        "id": 267,
        "name": "Apple MacBook Pro 16",
        "data": {
            "year": "2019",
            "price": "1849.99",
            "CPU model": "Intel Core i9",
            "Hard disk size": "1 TB",
            "color": "red",
            "capacity": 2,
            "screen_size": 14
        }
    },
    {
        "id": 209,
        "name": "Apple MacBook Pro 16 - Bondan PATCH",
        "data": {
            "year": "2025",
            "price": "1849.99",
            "CPU model": "Intel Core i9",
            "Hard disk size": "1 TB",
            "color": "red",
            "capacity": 2,
            "screen_size": 14
        }
    },
    {
        "id": 248,
        "name": "Lenovo Ideapad 7i",
        "data": {
            "year": "2023",
            "price": "1849.99",
            "CPU model": "Intel Core i7",
            "Hard disk size": "1 TB",
            "color": "silver",
            "capacity": 2,
            "screen_size": 14
        }
    },
    {
        "id": 222,
        "name": "Apple MacBook Pro 16",
        "data": {
            "year": "2019",
            "price": "1849.99",
            "CPU model": "Intel Core i9",
            "Hard disk size": "1 TB",
            "color": "red",
            "capacity": 2,
            "screen_size": 14
        }
    },
    {
        "id": 224,
        "name": "Apple MacBook Pro 16",
        "data": {
            "year": "2019",
            "price": "1849.99",
            "CPU model": "Intel Core i9",
            "Hard disk size": "1 TB",
            "color": "red",
            "capacity": 2,
            "screen_size": 14
        }
    },
    {
        "id": 226,
        "name": "Apple MacBook Pro 16",
        "data": {
            "year": "2019",
            "price": "1849.99",
            "CPU model": "Intel Core i9",
            "Hard disk size": "1 TB",
            "color": "red",
            "capacity": 2,
            "screen_size": 14
        }
    },
    {
        "id": 228,
        "name": "Apple MacBook Pro 16",
        "data": {
            "year": "2019",
            "price": "1849.99",
            "CPU model": "Intel Core i9",
            "Hard disk size": "1 TB",
            "color": "red",
            "capacity": 2,
            "screen_size": 14
        }
    },
    {
        "id": 230,
        "name": "Apple MacBook Air M1 azhar",
        "data": {
            "year": "2020",
            "price": "1199",
            "CPU model": "Apple M1",
            "Hard disk size": "256 GB",
            "color": "SPace Grey",
            "capacity": 8,
            "screen_size": 13
        }
    },
    {
        "id": 234,
        "name": "Lenovo Ideapad 7i",
        "data": {
            "year": "2023",
            "price": "1849.99",
            "CPU model": "Intel Core i7",
            "Hard disk size": "1 TB",
            "color": "silver",
            "capacity": 2,
            "screen_size": 14
        }
    },
    {
        "id": 238,
        "name": "Lenovo Ideapad 7i",
        "data": {
            "year": "2023",
            "price": "1849.99",
            "CPU model": "Intel Core i7",
            "Hard disk size": "1 TB",
            "color": "silver",
            "capacity": 2,
            "screen_size": 14
        }
    },
    {
        "id": 242,
        "name": "Lenovo Ideapad 7i",
        "data": {
            "year": "2023",
            "price": "1849.99",
            "CPU model": "Intel Core i7",
            "Hard disk size": "1 TB",
            "color": "silver",
            "capacity": 2,
            "screen_size": 14
        }
    },
    {
        "id": 112,
        "name": "Apple MacBook Pro 1611-albert12",
        "data": {
            "year": "2030",
            "price": "1849.99",
            "CPU model": "Intel Core i9",
            "Hard disk size": "1 TB",
            "color": "red",
            "capacity": 2,
            "screen_size": 14
        }
    },
    {
        "id": 243,
        "name": "Lenovo Ideapad 7i",
        "data": {
            "year": "2023",
            "price": "1849.99",
            "CPU model": "Intel Core i7",
            "Hard disk size": "1 TB",
            "color": "silver",
            "capacity": 2,
            "screen_size": 14
        }
    },
    {
        "id": 244,
        "name": "Apple MacBook Air M1 azhar partially update",
        "data": {
            "year": "2020",
            "price": "999",
            "CPU model": "Apple M1 partially update",
            "Hard disk size": "256 GB",
            "color": "space grey",
            "capacity": 8,
            "screen_size": 13
        }
    },
    {
        "id": 257,
        "name": "Lenovo Ideapad 7i",
        "data": {
            "year": "2023",
            "price": "1849.99",
            "CPU model": "Intel Core i7",
            "Hard disk size": "1 TB",
            "color": "silver",
            "capacity": 2,
            "screen_size": 14
        }
    },
    {
        "id": 261,
        "name": "Apple MacBook Pro 16",
        "data": {
            "year": "2019",
            "price": "1849.99",
            "CPU model": "Intel Core i9",
            "Hard disk size": "1 TB",
            "color": "red",
            "capacity": 2,
            "screen_size": 14
        }
    },
    {
        "id": 250,
        "name": "Macbook Red",
        "data": {
            "year": "2024",
            "price": "1999.99",
            "CPU model": "M3 Pro",
            "Hard disk size": "1 TB",
            "color": "red",
            "capacity": 2,
            "screen_size": 14
        }
    },
    {
        "id": 251,
        "name": "Macbook Red",
        "data": {
            "year": "2024",
            "price": "1999.99",
            "CPU model": "M3 Pro",
            "Hard disk size": "1 TB",
            "color": "red",
            "capacity": 2,
            "screen_size": 14
        }
    },
    {
        "id": 252,
        "name": "Lenovo Ideapad 7i",
        "data": {
            "year": "2023",
            "price": "1849.99",
            "CPU model": "Intel Core i7",
            "Hard disk size": "1 TB",
            "color": "silver",
            "capacity": 2,
            "screen_size": 14
        }
    },
    {
        "id": 258,
        "name": "Lenovo Ideapad 7i",
        "data": {
            "year": "2023",
            "price": "1849.99",
            "CPU model": "Intel Core i7",
            "Hard disk size": "1 TB",
            "color": "silver",
            "capacity": 2,
            "screen_size": 14
        }
    },
    {
        "id": 254,
        "name": "Macbook Blue",
        "data": {
            "year": "2025",
            "price": "2499.99",
            "CPU model": "M3 Max",
            "Hard disk size": "2 TB",
            "color": "blue",
            "capacity": 4,
            "screen_size": 16
        }
    },
    {
        "id": 255,
        "name": "Macbook Red",
        "data": {
            "year": "2024",
            "price": "1999.99",
            "CPU model": "M3 Pro",
            "Hard disk size": "1 TB",
            "color": "red",
            "capacity": 2,
            "screen_size": 14
        }
    },
    {
        "id": 233,
        "name": "Lenovo Ideapad 7i",
        "data": {
            "year": "2023",
            "price": "1849.99",
            "CPU model": "Intel Core i7",
            "Hard disk size": "1 TB",
            "color": "blue",
            "capacity": 2,
            "screen_size": 14
        }
    },
    {
        "id": 268,
        "name": "Apple MacBook Pro 16",
        "data": {
            "year": "2019",
            "price": "1849.99",
            "CPU model": "Intel Core i9",
            "Hard disk size": "1 TB",
            "color": "red",
            "capacity": 2,
            "screen_size": 14
        }
    },
    {
        "id": 269,
        "name": "Apple MacBook Pro 16",
        "data": {
            "year": "2019",
            "price": "1849.99",
            "CPU model": "Intel Core i9",
            "Hard disk size": "1 TB",
            "color": "red",
            "capacity": 2,
            "screen_size": 14
        }
    },
    {
        "id": 270,
        "name": "Apple MacBook Pro 16",
        "data": {
            "year": "2019",
            "price": "1849.99",
            "CPU model": "Intel Core i9",
            "Hard disk size": "1 TB",
            "color": "red",
            "capacity": 2,
            "screen_size": 14
        }
    },
    {
        "id": 274,
        "name": "Apple MacBook Pro 16",
        "data": {
            "year": "2019",
            "price": "1849.99",
            "CPU model": "Intel Core i9",
            "Hard disk size": "1 TB",
            "color": "red",
            "capacity": 2,
            "screen_size": 14
        }
    },
    {
        "id": 276,
        "name": "Apple MacBook Pro 16",
        "data": {
            "year": "2019",
            "price": "1849.99",
            "CPU model": "Intel Core i9",
            "Hard disk size": "1 TB",
            "color": "red",
            "capacity": 2,
            "screen_size": 14
        }
    },
    {
        "id": 275,
        "name": "Apple MacBook Pro 16",
        "data": {
            "year": "2019",
            "price": "1849.99",
            "CPU model": "Intel Core i9",
            "Hard disk size": "1 TB",
            "color": "red",
            "capacity": 2,
            "screen_size": 14
        }
    },
    {
        "id": 277,
        "name": "Apple MacBook Pro 16",
        "data": {
            "year": "2019",
            "price": "1849.99",
            "CPU model": "Intel Core i9",
            "Hard disk size": "1 TB",
            "color": "red",
            "capacity": 2,
            "screen_size": 14
        }
    },
    {
        "id": 278,
        "name": "Apple MacBook Pro 16",
        "data": {
            "year": "2019",
            "price": "1849.99",
            "CPU model": "Intel Core i9",
            "Hard disk size": "1 TB",
            "color": "red",
            "capacity": 2,
            "screen_size": 14
        }
    },
    {
        "id": 279,
        "name": "Apple MacBook Pro 16",
        "data": {
            "year": "2019",
            "price": "1849.99",
            "CPU model": "Intel Core i9",
            "Hard disk size": "1 TB",
            "color": "red",
            "capacity": 2,
            "screen_size": 14
        }
    },
    {
        "id": 280,
        "name": "Appleku",
        "data": {
            "year": "2019",
            "price": "1849.99",
            "CPU model": "Intel Core i9",
            "Hard disk size": "1 TB",
            "color": "red",
            "capacity": 2,
            "screen_size": 14
        }
    },
    {
        "id": 281,
        "name": "Appleku",
        "data": {
            "year": "2019",
            "price": "1849.99",
            "CPU model": "Intel Core i9",
            "Hard disk size": "1 TB",
            "color": "red",
            "capacity": 2,
            "screen_size": 14
        }
    },
    {
        "id": 282,
        "name": "Appleku",
        "data": {
            "year": "2019",
            "price": "1849.99",
            "CPU model": "Intel Core i9",
            "Hard disk size": "1 TB",
            "color": "red",
            "capacity": 2,
            "screen_size": 14
        }
    },
    {
        "id": 283,
        "name": "Appleku",
        "data": {
            "year": "2019",
            "price": "1849.99",
            "CPU model": "Intel Core i9",
            "Hard disk size": "1 TB",
            "color": "red",
            "capacity": 2,
            "screen_size": 14
        }
    },
    {
        "id": 284,
        "name": "Tab Galaxy S10",
        "data": {
            "year": "2025",
            "price": "1000.87",
            "CPU model": "iOS 17",
            "Hard disk size": "1 TB",
            "color": "Black",
            "capacity": 255,
            "screen_size": 7
        }
    },
    {
        "id": 335,
        "name": "Asus tuf Gaming",
        "data": {
            "year": "2019",
            "price": "1849.99",
            "CPU model": "Intel Core i7",
            "Hard disk size": "2 TB",
            "color": "black",
            "capacity": 2,
            "screen_size": 15.6
        }
    },
    {
        "id": 286,
        "name": "Apple MacBook Pro 18",
        "data": {
            "year": "2019",
            "price": "1849.99",
            "CPU model": "Intel Core i9",
            "Hard disk size": "1 TB",
            "color": "blue",
            "capacity": 2,
            "screen_size": 14
        }
    },
    {
        "id": 287,
        "name": "Apple MacBook Pro 18",
        "data": {
            "year": "2019",
            "price": "1849.99",
            "CPU model": "Intel Core i9",
            "Hard disk size": "1 TB",
            "color": "blue",
            "capacity": 2,
            "screen_size": 14
        }
    },
    {
        "id": 372,
        "name": "Lenovo K14 - Partially Update",
        "data": {
            "year": "2026",
            "price": "1849.99",
            "CPU model": "Intel Core i9",
            "Hard disk size": "1 TB",
            "color": "yellow",
            "capacity": 2,
            "screen_size": 14
        }
    },
    {
        "id": 322,
        "name": "Apple MacBook Pro 16",
        "data": {
            "year": "2019",
            "price": "1849.99",
            "CPU model": "Intel Core i9",
            "Hard disk size": "1 TB",
            "color": "red",
            "capacity": 2,
            "screen_size": 14
        }
    },
    {
        "id": 323,
        "name": "Apple MacBook Pro 16",
        "data": {
            "year": "2019",
            "price": "1849.99",
            "CPU model": "Intel Core i9",
            "Hard disk size": "1 TB",
            "color": "red",
            "capacity": 2,
            "screen_size": 14
        }
    },
    {
        "id": 289,
        "name": "Apple MacBook Pro 18",
        "data": {
            "year": "2019",
            "price": "1849.99",
            "CPU model": "Intel Core i9",
            "Hard disk size": "1 TB",
            "color": "blue",
            "capacity": 2,
            "screen_size": 14
        }
    },
    {
        "id": 468,
        "name": "Tab Galaxy S10",
        "data": {
            "year": "2025",
            "price": "1000",
            "CPU model": "iOS 17",
            "Hard disk size": "1 TB",
            "color": "Black",
            "capacity": 255,
            "screen_size": 7
        }
    },
    {
        "id": 379,
        "name": "Samsung A53 5G",
        "data": {
            "year": "2022",
            "price": "3000",
            "CPU model": "Exynos",
            "Hard disk size": "256 GB",
            "color": "Black",
            "capacity": 123,
            "screen_size": 5
        }
    },
    {
        "id": 381,
        "name": "Samsung A53 5G",
        "data": {
            "year": "2022",
            "price": "3000",
            "CPU model": "Exynos",
            "Hard disk size": "256 GB",
            "color": "Black",
            "capacity": 123,
            "screen_size": 5
        }
    },
    {
        "id": 292,
        "name": "Apple MacBook Pro 18",
        "data": {
            "year": "2019",
            "price": "1849.99",
            "CPU model": "Intel Core i9",
            "Hard disk size": "1 TB",
            "color": "blue",
            "capacity": 2,
            "screen_size": 14
        }
    },
    {
        "id": 293,
        "name": "Apple MacBook Pro 18",
        "data": {
            "year": "2019",
            "price": "1849.99",
            "CPU model": "Intel Core i9",
            "Hard disk size": "1 TB",
            "color": "blue",
            "capacity": 2,
            "screen_size": 14
        }
    },
    {
        "id": 383,
        "name": "Samsung A53 5G",
        "data": {
            "year": "2022",
            "price": "3000",
            "CPU model": "Exynos",
            "Hard disk size": "256 GB",
            "color": "Black",
            "capacity": 123,
            "screen_size": 5
        }
    },
    {
        "id": 324,
        "name": "Apple MacBook Pro 16",
        "data": {
            "year": "2019",
            "price": "1849.99",
            "CPU model": "Intel Core i9",
            "Hard disk size": "1 TB",
            "color": "red",
            "capacity": 2,
            "screen_size": 14
        }
    },
    {
        "id": 295,
        "name": "Apple MacBook Pro 1611-daffa",
        "data": {
            "year": "2030",
            "price": "1849.99",
            "CPU model": "Intel Core i9",
            "Hard disk size": "1 TB",
            "color": "blue",
            "capacity": 2,
            "screen_size": 14
        }
    },
    {
        "id": 386,
        "name": "Samsung A53 5G",
        "data": {
            "year": "2022",
            "price": "3000",
            "CPU model": "Exynos",
            "Hard disk size": "256 GB",
            "color": "Black",
            "capacity": 123,
            "screen_size": 5
        }
    },
    {
        "id": 297,
        "name": "Appleku",
        "data": {
            "year": "2019",
            "price": "1849.99",
            "CPU model": "Intel Core i9",
            "Hard disk size": "1 TB",
            "color": "red",
            "capacity": 2,
            "screen_size": 14
        }
    },
    {
        "id": 298,
        "name": "Apple MacBook Pro 16",
        "data": {
            "year": "2019",
            "price": "1849.99",
            "CPU model": "Intel Core i9",
            "Hard disk size": "1 TB",
            "color": "red",
            "capacity": 2,
            "screen_size": 14
        }
    },
    {
        "id": 299,
        "name": "Apple MacBook Pro 16",
        "data": {
            "year": "2019",
            "price": "1849.99",
            "CPU model": "Intel Core i9",
            "Hard disk size": "1 TB",
            "color": "red",
            "capacity": 2,
            "screen_size": 14
        }
    },
    {
        "id": 300,
        "name": "Apple MacBook Pro 16",
        "data": {
            "year": "2019",
            "price": "1849.99",
            "CPU model": "Intel Core i9",
            "Hard disk size": "1 TB",
            "color": "red",
            "capacity": 2,
            "screen_size": 14
        }
    },
    {
        "id": 301,
        "name": "Apple MacBook Pro 16",
        "data": {
            "year": "2019",
            "price": "1849.99",
            "CPU model": "Intel Core i9",
            "Hard disk size": "1 TB",
            "color": "red",
            "capacity": 2,
            "screen_size": 14
        }
    },
    {
        "id": 302,
        "name": "Apple MacBook Pro 16",
        "data": {
            "year": "2019",
            "price": "1849.99",
            "CPU model": "Intel Core i9",
            "Hard disk size": "1 TB",
            "color": "red",
            "capacity": 2,
            "screen_size": 14
        }
    },
    {
        "id": 303,
        "name": "Apple MacBook Pro 16",
        "data": {
            "year": "2019",
            "price": "1849.99",
            "CPU model": "Intel Core i9",
            "Hard disk size": "1 TB",
            "color": "red",
            "capacity": 2,
            "screen_size": 14
        }
    },
    {
        "id": 304,
        "name": "Apple MacBook Pro 16",
        "data": {
            "year": "2019",
            "price": "1849.99",
            "CPU model": "Intel Core i9",
            "Hard disk size": "1 TB",
            "color": "red",
            "capacity": 2,
            "screen_size": 14
        }
    },
    {
        "id": 305,
        "name": "Apple MacBook Pro 16",
        "data": {
            "year": "2019",
            "price": "1849.99",
            "CPU model": "Intel Core i9",
            "Hard disk size": "1 TB",
            "color": "red",
            "capacity": 2,
            "screen_size": 14
        }
    },
    {
        "id": 306,
        "name": "Apple MacBook Pro 18",
        "data": {
            "year": "2019",
            "price": "1849.99",
            "CPU model": "Intel Core i9",
            "Hard disk size": "1 TB",
            "color": "blue",
            "capacity": 2,
            "screen_size": 14
        }
    },
    {
        "id": 307,
        "name": "Apple MacBook Pro 16",
        "data": {
            "year": "2019",
            "price": "1849.99",
            "CPU model": "Intel Core i9",
            "Hard disk size": "1 TB",
            "color": "red",
            "capacity": 2,
            "screen_size": 14
        }
    },
    {
        "id": 308,
        "name": "Apple MacBook Pro 16",
        "data": {
            "year": "2019",
            "price": "1849.99",
            "CPU model": "Intel Core i9",
            "Hard disk size": "1 TB",
            "color": "red",
            "capacity": 2,
            "screen_size": 14
        }
    },
    {
        "id": 309,
        "name": "Apple MacBook Pro 16",
        "data": {
            "year": "2019",
            "price": "1849.99",
            "CPU model": "Intel Core i9",
            "Hard disk size": "1 TB",
            "color": "red",
            "capacity": 2,
            "screen_size": 14
        }
    },
    {
        "id": 310,
        "name": "Apple MacBook Pro 16",
        "data": {
            "year": "2019",
            "price": "1849.99",
            "CPU model": "Intel Core i9",
            "Hard disk size": "1 TB",
            "color": "red",
            "capacity": 2,
            "screen_size": 14
        }
    },
    {
        "id": 312,
        "name": "Apple MacBook Pro 16",
        "data": {
            "year": "2019",
            "price": "1849.99",
            "CPU model": "Intel Core i9",
            "Hard disk size": "1 TB",
            "color": "red",
            "capacity": 2,
            "screen_size": 14
        }
    },
    {
        "id": 344,
        "name": "Tab Galaxy S10",
        "data": {
            "year": "2025",
            "price": "1000.87",
            "CPU model": "iOS 17",
            "Hard disk size": "1 TB",
            "color": "Black",
            "capacity": 255,
            "screen_size": 7
        }
    },
    {
        "id": 347,
        "name": "Tab Galaxy S10",
        "data": {
            "year": "2025",
            "price": "1000",
            "CPU model": "iOS 17",
            "Hard disk size": "1 TB",
            "color": "Black",
            "capacity": 255,
            "screen_size": 7
        }
    },
    {
        "id": 348,
        "name": "Samsung A53 5G",
        "data": {
            "year": "2022",
            "price": "3000",
            "CPU model": "Exynos",
            "Hard disk size": "256 GB",
            "color": "Black",
            "capacity": 123,
            "screen_size": 5
        }
    },
    {
        "id": 350,
        "name": "Tab Galaxy S10",
        "data": {
            "year": "2025",
            "price": "3000",
            "CPU model": "iOS 17",
            "Hard disk size": "1 TB",
            "color": "Black",
            "capacity": 255,
            "screen_size": 7
        }
    },
    {
        "id": 351,
        "name": "Samsung A53 5G",
        "data": {
            "year": "2022",
            "price": "3000",
            "CPU model": "Exynos",
            "Hard disk size": "256 GB",
            "color": "Black",
            "capacity": 123,
            "screen_size": 5
        }
    },
    {
        "id": 342,
        "name": "Apple MacBook Pro 16",
        "data": {
            "year": "2019",
            "price": "1849.99",
            "CPU model": "Intel Core i9",
            "Hard disk size": "1 TB",
            "color": "red",
            "capacity": 2,
            "screen_size": 14
        }
    },
    {
        "id": 352,
        "name": "Samsung A53 5G",
        "data": {
            "year": "2022",
            "price": "3000",
            "CPU model": "Exynos",
            "Hard disk size": "256 GB",
            "color": "Black",
            "capacity": 123,
            "screen_size": 5
        }
    },
    {
        "id": 353,
        "name": "Samsung A53 5G",
        "data": {
            "year": "2022",
            "price": "3000",
            "CPU model": "Exynos",
            "Hard disk size": "256 GB",
            "color": "Black",
            "capacity": 123,
            "screen_size": 5
        }
    },
    {
        "id": 354,
        "name": "Samsung A53 5G",
        "data": {
            "year": "2022",
            "price": "3000",
            "CPU model": "Exynos",
            "Hard disk size": "256 GB",
            "color": "Black",
            "capacity": 123,
            "screen_size": 5
        }
    },
    {
        "id": 355,
        "name": "Samsung A53 5G",
        "data": {
            "year": "2022",
            "price": "3000",
            "CPU model": "Exynos",
            "Hard disk size": "256 GB",
            "color": "Black",
            "capacity": 123,
            "screen_size": 5
        }
    },
    {
        "id": 356,
        "name": "Samsung A53 5G",
        "data": {
            "year": "2022",
            "price": "3000",
            "CPU model": "Exynos",
            "Hard disk size": "256 GB",
            "color": "Black",
            "capacity": 123,
            "screen_size": 5
        }
    },
    {
        "id": 357,
        "name": "Samsung A53 5G",
        "data": {
            "year": "2022",
            "price": "3000",
            "CPU model": "Exynos",
            "Hard disk size": "256 GB",
            "color": "Black",
            "capacity": 123,
            "screen_size": 5
        }
    },
    {
        "id": 358,
        "name": "Samsung A53 5G",
        "data": {
            "year": "2022",
            "price": "3000",
            "CPU model": "Exynos",
            "Hard disk size": "256 GB",
            "color": "Black",
            "capacity": 123,
            "screen_size": 5
        }
    },
    {
        "id": 368,
        "name": "Apple MacBook Pro 16",
        "data": {
            "year": "2019",
            "price": "1849",
            "CPU model": "Intel Core i9",
            "Hard disk size": "1",
            "color": "red",
            "capacity": 2,
            "screen_size": 14
        }
    },
    {
        "id": 369,
        "name": "Apple MacBook Pro 16",
        "data": {
            "year": "2019",
            "price": "1849",
            "CPU model": "Intel Core i9",
            "Hard disk size": "1",
            "color": "red",
            "capacity": 2,
            "screen_size": 14
        }
    },
    {
        "id": 370,
        "name": "Apple MacBook Pro 16",
        "data": {
            "year": "2019",
            "price": "1849",
            "CPU model": "Intel Core i9",
            "Hard disk size": "1",
            "color": "red",
            "capacity": 2,
            "screen_size": 14
        }
    },
    {
        "id": 371,
        "name": "Lenovo K14",
        "data": {
            "year": "2024",
            "price": "1849.99",
            "CPU model": "Intel Core i9",
            "Hard disk size": "1 TB",
            "color": "Gray",
            "capacity": 2,
            "screen_size": 14
        }
    },
    {
        "id": 361,
        "name": "Laptop Uhuy hapus",
        "data": {
            "year": "2025",
            "price": "2549.99",
            "CPU model": "Intel Core i9",
            "Hard disk size": "1 TB",
            "color": "Black",
            "capacity": 2,
            "screen_size": 16
        }
    },
    {
        "id": 362,
        "name": "Apple MacBook Pro 16",
        "data": {
            "year": "2019",
            "price": "1849.99",
            "CPU model": "Intel Core i9",
            "Hard disk size": "1 TB",
            "color": "red",
            "capacity": 2,
            "screen_size": 14
        }
    },
    {
        "id": 363,
        "name": "Apple MacBook Pro 16",
        "data": {
            "year": "2019",
            "price": "1849.99",
            "CPU model": "Intel Core i9",
            "Hard disk size": "1 TB",
            "color": "red",
            "capacity": 2,
            "screen_size": 14
        }
    },
    {
        "id": 364,
        "name": "Apple MacBook Pro 16",
        "data": {
            "year": "2019",
            "price": "1849",
            "CPU model": "Intel Core i9",
            "Hard disk size": "1 TB",
            "color": "red",
            "capacity": 2,
            "screen_size": 14
        }
    },
    {
        "id": 365,
        "name": "Apple MacBook Pro 16",
        "data": {
            "year": "2019",
            "price": "1849",
            "CPU model": "Intel Core i9",
            "Hard disk size": "1 TB",
            "color": "red",
            "capacity": 2,
            "screen_size": 14
[...]
            "color": "Black",
            "capacity": 255,
            "screen_size": 7
        }
    },
    {
        "id": 451,
        "name": "Apple MacBook Pro 16",
        "data": {
            "year": "2017",
            "price": "1845.99",
            "CPU model": "Intel Core i6",
            "Hard disk size": "256 GB",
            "color": "pink",
            "capacity": 2,
            "screen_size": 15
        }
    },
    {
        "id": 452,
        "name": "Apple MacBook Pro 16",
        "data": {
            "year": "2017",
            "price": "1845.99",
            "CPU model": "Intel Core i6",
            "Hard disk size": "256 GB",
            "color": "pink",
            "capacity": 2,
            "screen_size": 15
        }
    },
    {
        "id": 424,
        "name": "Apple MacBook Pro 16 Nikko",
        "data": {
            "year": "2019",
            "price": "1849.99",
            "CPU model": "Intel Core i9",
            "Hard disk size": "1 TB",
            "color": "red",
            "capacity": 2,
            "screen_size": 14
        }
    },
    {
        "id": 453,
        "name": "Apple MacBook Pro 16",
        "data": {
            "year": "2017",
            "price": "1845.99",
            "CPU model": "Intel Core i6",
            "Hard disk size": "256 GB",
            "color": "pink",
            "capacity": 2,
            "screen_size": 15
        }
    },
    {
        "id": 454,
        "name": "Tab Galaxy S10",
        "data": {
            "year": "2025",
            "price": "1000",
            "CPU model": "iOS 17",
            "Hard disk size": "1 TB",
            "color": "Black",
            "capacity": 255,
            "screen_size": 7
        }
    },
    {
        "id": 426,
        "name": "Apple MacBook Pro 16",
        "data": {
            "year": "2019",
            "price": "1849.99",
            "CPU model": "Intel Core i9",
            "Hard disk size": "1 TB",
            "color": "red",
            "capacity": 2,
            "screen_size": 14
        }
    },
    {
        "id": 427,
        "name": "Apple MacBook Pro 16",
        "data": {
            "year": "2020",
            "price": "1845.99",
            "CPU model": "Intel Core i8",
            "Hard disk size": "1 TB",
            "color": "red",
            "capacity": 2,
            "screen_size": 16
        }
    },
    {
        "id": 428,
        "name": "Apple MacBook Pro 16",
        "data": {
            "year": "2020",
            "price": "1845.99",
            "CPU model": "Intel Core i8",
            "Hard disk size": "1 TB",
            "color": "red",
            "capacity": 2,
            "screen_size": 16
        }
    },
    {
        "id": 429,
        "name": "Asus tuf Gaming",
        "data": {
            "year": "2019",
            "price": "1849.99",
            "CPU model": "Intel Core i7",
            "Hard disk size": "2 TB",
            "color": "black",
            "capacity": 2,
            "screen_size": 15.6
        }
    },
    {
        "id": 430,
        "name": "Apple MacBook Pro 16",
        "data": {
            "year": "2020",
            "price": "1845.99",
            "CPU model": "Intel Core i8",
            "Hard disk size": "1 TB",
            "color": "red",
            "capacity": 2,
            "screen_size": 16
        }
    },
    {
        "id": 431,
        "name": "Apple MacBook Pro 16",
        "data": {
            "year": "2019",
            "price": "1849.99",
            "CPU model": "Intel Core i9",
            "Hard disk size": "1 TB",
            "color": "red",
            "capacity": 2,
            "screen_size": 14
        }
    },
    {
        "id": 432,
        "name": "Apple MacBook Pro 16",
        "data": {
            "year": "2020",
            "price": "1845.99",
            "CPU model": "Intel Core i8",
            "Hard disk size": "1 TB",
            "color": "red",
            "capacity": 2,
            "screen_size": 16
        }
    },
    {
        "id": 433,
        "name": "Apple MacBook Pro 16",
        "data": {
            "year": "2020",
            "price": "1845.99",
            "CPU model": "Intel Core i8",
            "Hard disk size": "1 TB",
            "color": "red",
            "capacity": 2,
            "screen_size": 16
        }
    },
    {
        "id": 434,
        "name": "Apple MacBook Pro 16",
        "data": {
            "year": "2020",
            "price": "1845.99",
            "CPU model": "Intel Core i8",
            "Hard disk size": "1 TB",
            "color": "red",
            "capacity": 2,
            "screen_size": 16
        }
    },
    {
        "id": 435,
        "name": "Apple MacBook Pro 16",
        "data": {
            "year": "2020",
            "price": "1845.99",
            "CPU model": "Intel Core i8",
            "Hard disk size": "1 TB",
            "color": "red",
            "capacity": 2,
            "screen_size": 16
        }
    },
    {
        "id": 436,
        "name": "Apple MacBook Pro 14",
        "data": {
            "year": "2021",
            "price": "1851.77",
            "CPU model": "Intel Core i6",
            "Hard disk size": "2 TB",
            "color": "grey",
            "capacity": 3,
            "screen_size": 15
        }
    },
    {
        "id": 437,
        "name": "Apple MacBook Air M1",
        "data": {
            "year": "2030",
            "price": "1851.77",
            "CPU model": "Intel Core i6",
            "Hard disk size": "2 TB",
            "color": "grey",
            "capacity": 3,
            "screen_size": 15
        }
    },
    {
        "id": 463,
        "name": "Samsung A53 5G",
        "data": {
            "year": "2022",
            "price": "3000",
            "CPU model": "Exynos",
            "Hard disk size": "256 GB",
            "color": "Black",
            "capacity": 123,
            "screen_size": 5
        }
    },
    {
        "id": 438,
        "name": "Apple MacBook Air M1",
        "data": {
            "year": "2030",
            "price": "1851.77",
            "CPU model": "Intel Core i6",
            "Hard disk size": "2 TB",
            "color": "grey",
            "capacity": 3,
            "screen_size": 15
        }
    },
    {
        "id": 440,
        "name": "Apple MacBook Pro 16",
        "data": {
            "year": "2019",
            "price": "1849.99",
            "CPU model": "Intel Core i9",
            "Hard disk size": "1 TB",
            "color": "red",
            "capacity": 2,
            "screen_size": 14
        }
    },
    {
        "id": 441,
        "name": "Apple MacBook Pro 16",
        "data": {
            "year": "2020",
            "price": "1845.99",
            "CPU model": "Intel Core i8",
            "Hard disk size": "1 TB",
            "color": "red",
            "capacity": 2,
            "screen_size": 16
        }
    },
    {
        "id": 442,
        "name": "Apple MacBook Pro 16",
        "data": {
            "year": "2020",
            "price": "1845.99",
            "CPU model": "Intel Core i8",
            "Hard disk size": "1 TB",
            "color": "red",
            "capacity": 2,
            "screen_size": 16
        }
    },
    {
        "id": 443,
        "name": "Apple MacBook Pro 16",
        "data": {
            "year": "2020",
            "price": "1845.99",
            "CPU model": "Intel Core i8",
            "Hard disk size": "1 TB",
            "color": "red",
            "capacity": 2,
            "screen_size": 16
        }
    },
    {
        "id": 444,
        "name": "Apple MacBook Pro 16",
        "data": {
            "year": "2020",
            "price": "1845.99",
            "CPU model": "Intel Core i8",
            "Hard disk size": "1 TB",
            "color": "red",
            "capacity": 2,
            "screen_size": 16
        }
    },
    {
        "id": 455,
        "name": "Apple MacBook Air M4",
        "data": {
            "year": "2028",
            "price": "1851.77",
            "CPU model": "Intel Core i9",
            "Hard disk size": "3 TB",
            "color": "white",
            "capacity": 3,
            "screen_size": 22
        }
    },
    {
        "id": 464,
        "name": "Samsung A53 5G",
        "data": {
            "year": "2022",
            "price": "3000",
            "CPU model": "Exynos",
            "Hard disk size": "256 GB",
            "color": "Black",
            "capacity": 123,
            "screen_size": 5
        }
    },
    {
        "id": 456,
        "name": "Apple MacBook Air M4",
        "data": {
            "year": "2028",
            "price": "1851.77",
            "CPU model": "Intel Core i9",
            "Hard disk size": "3 TB",
            "color": "white",
            "capacity": 3,
            "screen_size": 22
        }
    },
    {
        "id": 473,
        "name": "Samsung A53 5G",
        "data": {
            "year": "2022",
            "price": "3000",
            "CPU model": "Exynos",
            "Hard disk size": "256 GB",
            "color": "Black",
            "capacity": 123,
            "screen_size": 5
        }
    },
    {
        "id": 457,
        "name": "Apple MacBook Air M4",
        "data": {
            "year": "2028",
            "price": "1851.77",
            "CPU model": "Intel Core i9",
            "Hard disk size": "3 TB",
            "color": "white",
            "capacity": 3,
            "screen_size": 22
        }
    },
    {
        "id": 465,
        "name": "Apple MacBook Air M4",
        "data": {
            "year": "2028",
            "price": "1851.77",
            "CPU model": "Intel Core i9",
            "Hard disk size": "3 TB",
            "color": "white",
            "capacity": 3,
            "screen_size": 22
        }
    },
    {
        "id": 458,
        "name": "Apple MacBook Air M4",
        "data": {
            "year": "2028",
            "price": "1851.77",
            "CPU model": "Intel Core i9",
            "Hard disk size": "3 TB",
            "color": "white",
            "capacity": 3,
            "screen_size": 22
        }
    },
    {
        "id": 466,
        "name": "Samsung A53 5G",
        "data": {
            "year": "2022",
            "price": "3000",
            "CPU model": "Exynos",
            "Hard disk size": "256 GB",
            "color": "Black",
            "capacity": 123,
            "screen_size": 5
        }
    },
    {
        "id": 459,
        "name": "Apple MacBook Air M4",
        "data": {
            "year": "2028",
            "price": "1851.77",
            "CPU model": "Intel Core i9",
            "Hard disk size": "3 TB",
            "color": "white",
            "capacity": 3,
            "screen_size": 22
        }
    },
    {
        "id": 467,
        "name": "Samsung A53 5G",
        "data": {
            "year": "2022",
            "price": "3000",
            "CPU model": "Exynos",
            "Hard disk size": "256 GB",
            "color": "Black",
            "capacity": 123,
            "screen_size": 5
        }
    },
    {
        "id": 460,
        "name": "Apple MacBook Air M4",
        "data": {
            "year": "2028",
            "price": "1851.77",
            "CPU model": "Intel Core i9",
            "Hard disk size": "3 TB",
            "color": "white",
            "capacity": 3,
            "screen_size": 22
        }
    },
    {
        "id": 469,
        "name": "Apple MacBook Air M4",
        "data": {
            "year": "2030",
            "price": "1851.77",
            "CPU model": "Intel Core i9",
            "Hard disk size": "3 TB",
            "color": "white",
            "capacity": 3,
            "screen_size": 22
        }
    },
    {
        "id": 470,
        "name": "Samsung A53 5G",
        "data": {
            "year": "2022",
            "price": "3000",
            "CPU model": "Exynos",
            "Hard disk size": "256 GB",
            "color": "Black",
            "capacity": 123,
            "screen_size": 5
        }
    },
    {
        "id": 471,
        "name": "Apple MacBook Air M4",
        "data": {
            "year": "2030",
            "price": "1851.77",
            "CPU model": "Intel Core i9",
            "Hard disk size": "3 TB",
            "color": "white",
            "capacity": 3,
            "screen_size": 22
        }
    },
    {
        "id": 475,
        "name": "Apple MacBook Pro 16",
        "data": {
            "year": "2017",
            "price": "1845.99",
            "CPU model": "Intel Core i6",
            "Hard disk size": "256 GB",
            "color": "pink",
            "capacity": 2,
            "screen_size": 15
        }
    }
]
]]></system-out>
  </testcase>
  <testcase name="addObject" classname="e2e.pojo.AddObject" time="0.873">
    <system-out><![CDATA[Request method:	POST
Request URI:	https://whitesmokehouse.com/webhook/api/objects
Proxy:			<none>
Request params:	<none>
Query params:	<none>
Form params:	<none>
Path params:	<none>
Headers:		Authorization=Bearer eyJhbGciOiJIUzI1NiIsInR5cCI6IkpXVCJ9.eyJpZCI6IjU0NCIsImlhdCI6MTc0ODA4MDY2OH0.6TG2HmS5PZ-fqpV6LB7H3JV-o8ABXkuqiw8_WRI2Oi8
				Accept=*/*
				Content-Type=application/json
Cookies:		<none>
Multiparts:		<none>
Body:
{
    "name": "Apple MacBook Pro 16",
    "data": {
        "year": "2017",
        "price": 1845.99,
        "cpu_model": "Intel Core i6",
        "hard_disk_size": "256 GB",
        "capacity": "2 cpu",
        "screen_size": "15 Inch",
        "color": "pink"
    }
}
[
    {
        "id": 475,
        "name": "Apple MacBook Pro 16",
        "data": {
            "year": "2017",
            "price": 1845.99,
            "cpu_model": "Intel Core i6",
            "hard_disk_size": "256 GB",
            "color": "pink",
            "capacity": "2 cpu",
            "screen_size": "15 Inch"
        }
    }
]
]]></system-out>
  </testcase>
  <testcase name="getObjectbyID" classname="e2e.pojo.AddObject" time="0.794">
    <system-out><![CDATA[Request method:	GET
Request URI:	https://whitesmokehouse.com/webhook/8749129e-f5f7-4ae6-9b03-93be7252443c/api/objects/475
Proxy:			<none>
Request params:	<none>
Query params:	<none>
Form params:	<none>
Path params:	<none>
Headers:		Authorization=Bearer eyJhbGciOiJIUzI1NiIsInR5cCI6IkpXVCJ9.eyJpZCI6IjU0NCIsImlhdCI6MTc0ODA4MDY2OH0.6TG2HmS5PZ-fqpV6LB7H3JV-o8ABXkuqiw8_WRI2Oi8
				Accept=*/*
Cookies:		<none>
Multiparts:		<none>
Body:			<none>
{
    "id": 475,
    "name": "Apple MacBook Pro 16",
    "data": {
        "year": "2017",
        "price": "1845.99",
        "cpu_model": "Intel Core i6",
        "hard_disk_size": "256 GB",
        "color": "pink",
        "capacity": 2,
        "screen_size": 15
    }
}
]]></system-out>
  </testcase>
  <testcase name="updateObject" classname="e2e.pojo.UpdateObject" time="0.921">
    <system-out><![CDATA[Request method:	PUT
Request URI:	https://whitesmokehouse.com/webhook/37777abe-a5ef-4570-a383-c99b5f5f7906/api/objects/475
Proxy:			<none>
Request params:	<none>
Query params:	<none>
Form params:	<none>
Path params:	<none>
Headers:		Authorization=Bearer eyJhbGciOiJIUzI1NiIsInR5cCI6IkpXVCJ9.eyJpZCI6IjU0NCIsImlhdCI6MTc0ODA4MDY2OH0.6TG2HmS5PZ-fqpV6LB7H3JV-o8ABXkuqiw8_WRI2Oi8
				Accept=*/*
				Content-Type=application/json
Cookies:		<none>
Multiparts:		<none>
Body:
{
    "name": "Apple MacBook Pro 18",
    "data": {
        "year": "2028",
        "price": 1851.77,
        "cpu_model": "Intel Core i9",
        "hard_disk_size": "3 TB",
        "capacity": "3 cpu",
        "screen_size": "22 Inch",
        "color": "white"
    }
}
[
    {
        "id": 475,
        "name": "Apple MacBook Pro 18",
        "data": {
            "year": "2028",
            "price": 1851.77,
            "CPU model": "Intel Core i9",
            "Hard disk size": "3 TB",
            "color": "white",
            "capacity": "3 cpu",
            "screen_size": "22 Inch"
        }
    }
]
]]></system-out>
  </testcase>
  <testcase name="partiallyUpdateObject" classname="e2e.pojo.UpdateObject" time="0.92">
    <system-out><![CDATA[Request method:	PATCH
Request URI:	https://whitesmokehouse.com/webhook/39a0f904-b0f2-4428-80a3-391cea5d7d04/api/object/475
Proxy:			<none>
Request params:	<none>
Query params:	<none>
Form params:	<none>
Path params:	<none>
Headers:		Authorization=Bearer eyJhbGciOiJIUzI1NiIsInR5cCI6IkpXVCJ9.eyJpZCI6IjU0NCIsImlhdCI6MTc0ODA4MDY2OH0.6TG2HmS5PZ-fqpV6LB7H3JV-o8ABXkuqiw8_WRI2Oi8
				Accept=*/*
				Content-Type=application/json
Cookies:		<none>
Multiparts:		<none>
Body:
{
    "name": "Apple MacBook Air M4",
    "year": "2030",
    "price": null,
    "cpu_model": null,
    "hard_disk_size": null,
    "capacity": null,
    "screen_size": null,
    "color": null
}
{
    "id": 475,
    "name": "Apple MacBook Air M4",
    "data": {
        "year": "2030",
        "price": "1851.77",
        "cpu_model": "Intel Core i9",
        "hard_disk_size": "3 TB",
        "color": "white",
        "capacity": "3 cpu",
        "screen_size": "22 Inch"
    }
}
]]></system-out>
  </testcase>
  <testcase name="validateGetUpdatedObject" classname="e2e.pojo.UpdateObject" time="0.804">
    <system-out><![CDATA[Request method:	GET
Request URI:	https://whitesmokehouse.com/webhook/8749129e-f5f7-4ae6-9b03-93be7252443c/api/objects/475
Proxy:			<none>
Request params:	<none>
Query params:	<none>
Form params:	<none>
Path params:	<none>
Headers:		Authorization=Bearer eyJhbGciOiJIUzI1NiIsInR5cCI6IkpXVCJ9.eyJpZCI6IjU0NCIsImlhdCI6MTc0ODA4MDY2OH0.6TG2HmS5PZ-fqpV6LB7H3JV-o8ABXkuqiw8_WRI2Oi8
				Accept=*/*
Cookies:		<none>
Multiparts:		<none>
Body:			<none>
{
    "id": 475,
    "name": "Apple MacBook Air M4",
    "data": {
        "year": "2030",
        "price": "1851.77",
        "cpu_model": "Intel Core i9",
        "hard_disk_size": "3 TB",
        "color": "white",
        "capacity": 3,
        "screen_size": 22
    }
}
]]></system-out>
  </testcase>
  <testcase name="deleteObject" classname="e2e.pojo.DeleteObject" time="0.804">
    <system-out><![CDATA[Request method:	DELETE
Request URI:	https://whitesmokehouse.com/webhook/d79a30ed-1066-48b6-83f5-556120afc46f/api/objects/475
Proxy:			<none>
Request params:	<none>
Query params:	<none>
Form params:	<none>
Path params:	<none>
Headers:		Authorization=Bearer eyJhbGciOiJIUzI1NiIsInR5cCI6IkpXVCJ9.eyJpZCI6IjU0NCIsImlhdCI6MTc0ODA4MDY2OH0.6TG2HmS5PZ-fqpV6LB7H3JV-o8ABXkuqiw8_WRI2Oi8
				Accept=*/*
				Content-Type=application/json
Cookies:		<none>
Multiparts:		<none>
Body:			<none>
{
    "status": "deleted",
    "message": "Object with id = 475, has been deleted."
}
]]></system-out>
  </testcase>
  <testcase name="deleteObject" classname="e2e.pojo.DeleteObject" time="0.798">
    <system-out><![CDATA[Request method:	DELETE
Request URI:	https://whitesmokehouse.com/webhook/d79a30ed-1066-48b6-83f5-556120afc46f/api/objects/475
Proxy:			<none>
Request params:	<none>
Query params:	<none>
Form params:	<none>
Path params:	<none>
Headers:		Authorization=Bearer eyJhbGciOiJIUzI1NiIsInR5cCI6IkpXVCJ9.eyJpZCI6IjU0NCIsImlhdCI6MTc0ODA4MDY2OH0.6TG2HmS5PZ-fqpV6LB7H3JV-o8ABXkuqiw8_WRI2Oi8
				Accept=*/*
				Content-Type=application/json
Cookies:		<none>
Multiparts:		<none>
Body:			<none>
{
    "status": "failed",
    "message": "object with id = 475 has been deleted or doesn't exist"
}
]]></system-out>
  </testcase>
  <testcase name="validateGetDeletedObject" classname="e2e.pojo.DeleteObject" time="0.846">
    <system-out><![CDATA[Request method:	GET
Request URI:	https://whitesmokehouse.com/webhook/8749129e-f5f7-4ae6-9b03-93be7252443c/api/objects/475
Proxy:			<none>
Request params:	<none>
Query params:	<none>
Form params:	<none>
Path params:	<none>
Headers:		Authorization=Bearer eyJhbGciOiJIUzI1NiIsInR5cCI6IkpXVCJ9.eyJpZCI6IjU0NCIsImlhdCI6MTc0ODA4MDY2OH0.6TG2HmS5PZ-fqpV6LB7H3JV-o8ABXkuqiw8_WRI2Oi8
				Accept=*/*
Cookies:		<none>
Multiparts:		<none>
Body:			<none>
{
    
}
]]></system-out>
  </testcase>
</testsuite>