<?xml version="1.0" encoding="UTF-8"?>
<testsuite xmlns:xsi="http://www.w3.org/2001/XMLSchema-instance" xsi:noNamespaceSchemaLocation="https://maven.apache.org/surefire/maven-surefire-plugin/xsd/surefire-test-report.xsd" version="3.0.2" name="TestSuite" time="15.701" tests="12" errors="0" skipped="0" failures="0">
  <properties>
[...]
</properties>
  <testcase name="testFailedLogin" classname="restassured.LoginTest" time="0.665">
    <system-out><![CDATA[Request method:	POST
Request URI:	https://whitesmokehouse.com/webhook/api/login
Proxy:			<none>
Request params:	<none>
Query params:	<none>
Form params:	<none>
Path params:	<none>
Headers:		Accept=*/*
				Content-Type=application/json
Cookies:		<none>
Multiparts:		<none>
Body:
{
    "email": "testhrvstfo@gmail.com",
    "password": "@dmin123"
}
Token: eyJhbGciOiJIUzI1NiIsInR5cCI6IkpXVCJ9.eyJpZCI6IjIiLCJpYXQiOjE3NDc1NTYyOTh9.WrOv2NC_Cenb4JBaDa4Yqu41FkugKiID8H4ITPPlF58
Request method:	POST
Request URI:	https://whitesmokehouse.com/webhook/api/login
Proxy:			<none>
Request params:	<none>
Query params:	<none>
Form params:	<none>
Path params:	<none>
Headers:		Accept=*/*
				Content-Type=application/json
Cookies:		<none>
Multiparts:		<none>
Body:
{
    "email": "testhrvst@mail.co",
    "password": "test"
}
Response: {
    "status": "success",
    "message": "This email= testhrvst@mail.co has not been registered yet."
}
]]></system-out>
    <system-err><![CDATA[SLF4J(W): No SLF4J providers were found.
SLF4J(W): Defaulting to no-operation (NOP) logger implementation
SLF4J(W): See https://www.slf4j.org/codes.html#noProviders for further details.
]]></system-err>
  </testcase>
  <testcase name="testSuccessfulRegister" classname="restassured.Register" time="0.725">
    <system-out><![CDATA[Request method:	POST
Request URI:	https://whitesmokehouse.com/webhook/api/register
Proxy:			<none>
Request params:	<none>
Query params:	<none>
Form params:	<none>
Path params:	<none>
Headers:		Authorization=Bearer eyJhbGciOiJIUzI1NiIsInR5cCI6IkpXVCJ9.eyJpZCI6IjIiLCJpYXQiOjE3NDc1NTYyOTh9.WrOv2NC_Cenb4JBaDa4Yqu41FkugKiID8H4ITPPlF58
				Accept=*/*
				Content-Type=application/json
Cookies:		<none>
Multiparts:		<none>
Body:
{
    "email": "user_c4e6b6ea@test.com",
    "full_name": "User Test",
    "password": "test@123",
    "department": "Executive",
    "phone_number": "08123982401"
}
{
    "id": "23",
    "email": "user_c4e6b6ea@test.com",
    "full_name": "User Test",
    "department": "Executive",
    "phone_number": "08123982401",
    "create_at": "2025-05-18T08:18:20.492Z",
    "update_at": "2025-05-18T08:18:20.492Z"
}
]]></system-out>
  </testcase>
  <testcase name="testRegisterWithExistingEmail" classname="restassured.Register" time="0.721">
    <system-out><![CDATA[Request method:	POST
Request URI:	https://whitesmokehouse.com/webhook/api/register
Proxy:			<none>
Request params:	<none>
Query params:	<none>
Form params:	<none>
Path params:	<none>
Headers:		Authorization=Bearer eyJhbGciOiJIUzI1NiIsInR5cCI6IkpXVCJ9.eyJpZCI6IjIiLCJpYXQiOjE3NDc1NTYyOTh9.WrOv2NC_Cenb4JBaDa4Yqu41FkugKiID8H4ITPPlF58
				Accept=*/*
				Content-Type=application/json
Cookies:		<none>
Multiparts:		<none>
Body:
{
    "email": "testhrvstfo@gmail.com",
    "full_name": "User Test",
    "password": "test@123",
    "department": "Executive",
    "phone_number": "08123982401"
}
{
    "result": "failed",
    "message": "Email = testhrvstfo@gmail.com already registered"
}
]]></system-out>
  </testcase>
  <testcase name="testGetAllObjects" classname="restassured.GetListAllObjectTest" time="0.687">
    <system-out><![CDATA[Request method:	GET
Request URI:	https://whitesmokehouse.com/webhook/api/objects
Proxy:			<none>
Request params:	<none>
Query params:	<none>
Form params:	<none>
Path params:	<none>
Headers:		Authorization=Bearer eyJhbGciOiJIUzI1NiIsInR5cCI6IkpXVCJ9.eyJpZCI6IjIiLCJpYXQiOjE3NDc1NTYyOTh9.WrOv2NC_Cenb4JBaDa4Yqu41FkugKiID8H4ITPPlF58
				Accept=*/*
Cookies:		<none>
Multiparts:		<none>
Body:			<none>

]]></system-out>
  </testcase>
  <testcase name="testGetListofObjectsbyIds" classname="restassured.ListOfObjectsByIdsTest" time="0.818">
    <system-out><![CDATA[Request method:	GET
Request URI:	https://whitesmokehouse.com/webhook/api/objects?id=3
Proxy:			<none>
Request params:	<none>
Query params:	<none>
Form params:	<none>
Path params:	<none>
Headers:		Authorization=Bearer eyJhbGciOiJIUzI1NiIsInR5cCI6IkpXVCJ9.eyJpZCI6IjIiLCJpYXQiOjE3NDc1NTYyOTh9.WrOv2NC_Cenb4JBaDa4Yqu41FkugKiID8H4ITPPlF58
				Accept=*/*
Cookies:		<none>
Multiparts:		<none>
Body:			<none>
[
    {
        "id": 3,
        "name": "Apple MacBook Pro 16",
        "data": {
            "year": "2019",
            "price": "1849.99",
            "cpu_model": "Intel Core i9",
            "hard_disk_size": "1 TB",
            "color": "red",
            "capacity": 2,
            "screen_size": 14
        }
    }
]
]]></system-out>
  </testcase>
  <testcase name="testGetSingleObject" classname="restassured.GetSingleObjectTest" time="0.733">
    <system-out><![CDATA[Request method:	GET
Request URI:	https://whitesmokehouse.com/webhook/8749129e-f5f7-4ae6-9b03-93be7252443c/api/objects/3
Proxy:			<none>
Request params:	<none>
Query params:	<none>
Form params:	<none>
Path params:	<none>
Headers:		Authorization=Bearer eyJhbGciOiJIUzI1NiIsInR5cCI6IkpXVCJ9.eyJpZCI6IjIiLCJpYXQiOjE3NDc1NTYyOTh9.WrOv2NC_Cenb4JBaDa4Yqu41FkugKiID8H4ITPPlF58
				Accept=*/*
Cookies:		<none>
Multiparts:		<none>
Body:			<none>
{
    "id": 3,
    "name": "Apple MacBook Pro 16",
    "data": {
        "year": "2019",
        "price": "1849.99",
        "cpu_model": "Intel Core i9",
        "hard_disk_size": "1 TB",
        "color": "red",
        "capacity": 2,
        "screen_size": 14
    }
}
]]></system-out>
  </testcase>
  <testcase name="testAddObject" classname="restassured.AddObjectTest" time="0.81">
    <system-out><![CDATA[Request method:	POST
Request URI:	https://whitesmokehouse.com/webhook/api/objects
Proxy:			<none>
Request params:	<none>
Query params:	<none>
Form params:	<none>
Path params:	<none>
Headers:		Authorization=Bearer eyJhbGciOiJIUzI1NiIsInR5cCI6IkpXVCJ9.eyJpZCI6IjIiLCJpYXQiOjE3NDc1NTYyOTh9.WrOv2NC_Cenb4JBaDa4Yqu41FkugKiID8H4ITPPlF58
				Accept=*/*
				Content-Type=application/json
Cookies:		<none>
Multiparts:		<none>
Body:
{
    "name": "Apple MacBook Pro 16",
    "data": {
        "year": "2019",
        "price": 1849.99,
        "cpu_model": "Intel Core i9",
        "hard_disk_size": "1 TB",
        "capacity": "2 cpu",
        "screen_size": "14 Inch",
        "color": "red"
    }
}
[
    {
        "id": 8,
        "name": "Apple MacBook Pro 16",
        "data": {
            "year": "2019",
            "price": 1849.99,
            "cpu_model": "Intel Core i9",
            "hard_disk_size": "1 TB",
            "color": "red",
            "capacity": "2 cpu",
            "screen_size": "14 Inch"
        }
    }
]
]]></system-out>
  </testcase>
  <testcase name="testUpdateObject" classname="restassured.UpdateObjectTest" time="0.794">
    <system-out><![CDATA[Request method:	PUT
Request URI:	https://whitesmokehouse.com/webhook/37777abe-a5ef-4570-a383-c99b5f5f7906/api/objects/8
Proxy:			<none>
Request params:	<none>
Query params:	<none>
Form params:	<none>
Path params:	<none>
Headers:		Authorization=Bearer eyJhbGciOiJIUzI1NiIsInR5cCI6IkpXVCJ9.eyJpZCI6IjIiLCJpYXQiOjE3NDc1NTYyOTh9.WrOv2NC_Cenb4JBaDa4Yqu41FkugKiID8H4ITPPlF58
				Accept=*/*
				Content-Type=application/json
Cookies:		<none>
Multiparts:		<none>
Body:
{
    "name": "Apple MacBook Pro 15",
    "data": {
        "year": "2020",
        "price": 1850.99,
        "cpu_model": "Intel Core i5",
        "hard_disk_size": "2 TB",
        "capacity": "3 cpu",
        "screen_size": "15 Inch",
        "color": "grey"
    }
}
[
    {
        "id": 8,
        "name": "Apple MacBook Pro 15",
        "data": {
            "year": "2020",
            "price": 1850.99,
            "CPU model": "Intel Core i5",
            "Hard disk size": "2 TB",
            "color": "grey",
            "capacity": "3 cpu",
            "screen_size": "15 Inch"
        }
    }
]
]]></system-out>
  </testcase>
  <testcase name="testPartiallyUpdateObject" classname="restassured.PartiallyUpdateObjectTest" time="0.754">
    <system-out><![CDATA[Request method:	PATCH
Request URI:	https://whitesmokehouse.com/webhook/39a0f904-b0f2-4428-80a3-391cea5d7d04/api/object/8
Proxy:			<none>
Request params:	<none>
Query params:	<none>
Form params:	<none>
Path params:	<none>
Headers:		Authorization=Bearer eyJhbGciOiJIUzI1NiIsInR5cCI6IkpXVCJ9.eyJpZCI6IjIiLCJpYXQiOjE3NDc1NTYyOTh9.WrOv2NC_Cenb4JBaDa4Yqu41FkugKiID8H4ITPPlF58
				Accept=*/*
				Content-Type=application/json
Cookies:		<none>
Multiparts:		<none>
Body:
{
    "name": "Apple MacBook Air M1",
    "year": "2030"
}
{
    "id": 8,
    "name": "Apple MacBook Air M1",
    "data": {
        "year": "2030",
        "price": "1850.99",
        "cpu_model": "Intel Core i5",
        "hard_disk_size": "2 TB",
        "color": "grey",
        "capacity": "3 cpu",
        "screen_size": "15 Inch"
    }
}
]]></system-out>
  </testcase>
  <testcase name="testDeleteObject" classname="restassured.DeleteObjectTest" time="0.72">
    <system-out><![CDATA[Request method:	DELETE
Request URI:	https://whitesmokehouse.com/webhook/d79a30ed-1066-48b6-83f5-556120afc46f/api/objects/8
Proxy:			<none>
Request params:	<none>
Query params:	<none>
Form params:	<none>
Path params:	<none>
Headers:		Authorization=Bearer eyJhbGciOiJIUzI1NiIsInR5cCI6IkpXVCJ9.eyJpZCI6IjIiLCJpYXQiOjE3NDc1NTYyOTh9.WrOv2NC_Cenb4JBaDa4Yqu41FkugKiID8H4ITPPlF58
				Accept=*/*
				Content-Type=application/json
Cookies:		<none>
Multiparts:		<none>
Body:			<none>
{
    "status": "deleted",
    "message": "Object with id = 8, has been deleted."
}
]]></system-out>
  </testcase>
  <testcase name="testDeleteObject" classname="restassured.DeleteObjectTest" time="0.712">
    <system-out><![CDATA[Request method:	DELETE
Request URI:	https://whitesmokehouse.com/webhook/d79a30ed-1066-48b6-83f5-556120afc46f/api/objects/8
Proxy:			<none>
Request params:	<none>
Query params:	<none>
Form params:	<none>
Path params:	<none>
Headers:		Authorization=Bearer eyJhbGciOiJIUzI1NiIsInR5cCI6IkpXVCJ9.eyJpZCI6IjIiLCJpYXQiOjE3NDc1NTYyOTh9.WrOv2NC_Cenb4JBaDa4Yqu41FkugKiID8H4ITPPlF58
				Accept=*/*
				Content-Type=application/json
Cookies:		<none>
Multiparts:		<none>
Body:			<none>
{
    "status": "failed",
    "message": "object with id = 8 has been deleted or doesn't exist"
}
]]></system-out>
  </testcase>
  <testcase name="testGetAllDepartment" classname="restassured.GetAllDepartmentTest" time="0.722">
    <system-out><![CDATA[Request method:	GET
Request URI:	https://whitesmokehouse.com/webhook/api/department
Proxy:			<none>
Request params:	<none>
Query params:	<none>
Form params:	<none>
Path params:	<none>
Headers:		Authorization=Bearer eyJhbGciOiJIUzI1NiIsInR5cCI6IkpXVCJ9.eyJpZCI6IjIiLCJpYXQiOjE3NDc1NTYyOTh9.WrOv2NC_Cenb4JBaDa4Yqu41FkugKiID8H4ITPPlF58
				Accept=*/*
Cookies:		<none>
Multiparts:		<none>
Body:			<none>
[
    {
        "id": 1,
        "department": "Technology"
    },
    {
        "id": 2,
        "department": "Human Resource"
    },
    {
        "id": 3,
        "department": "Finance"
    },
    {
        "id": 4,
        "department": "Executive"
    }
]
]]></system-out>
  </testcase>
</testsuite>