<?xml version="1.0" encoding="UTF-8"?>
<testsuite xmlns:xsi="http://www.w3.org/2001/XMLSchema-instance" xsi:noNamespaceSchemaLocation="https://maven.apache.org/surefire/maven-surefire-plugin/xsd/surefire-test-report.xsd" version="3.0.2" name="TestSuite" time="7.379" tests="10" errors="0" skipped="2" failures="0">
  <properties>
[...]
</properties>
  <testcase name="testMethod" classname="testng.AssertTest" time="0.002">
    <system-out><![CDATA[Setting up the test suite...
Running before each test...
Running before the class...
Running before each test method...
This is a simple test method.
Running test 1
Thread id: 30 name: TestNG-test-SimpleRegression-1
]]></system-out>
    <system-err><![CDATA[SLF4J(W): No SLF4J providers were found.
SLF4J(W): Defaulting to no-operation (NOP) logger implementation
SLF4J(W): See https://www.slf4j.org/codes.html#noProviders for further details.
]]></system-err>
  </testcase>
  <testcase name="flackyTest" classname="testng.RetryTest" time="0.0">
    <skipped message="expected [true] but found [false]"/>
    <system-out><![CDATA[Retrying test flackyTest for the 2 time.
]]></system-out>
  </testcase>
  <testcase name="flackyTest" classname="testng.RetryTest" time="0.0">
    <skipped message="expected [true] but found [false]"/>
    <system-out><![CDATA[Running test 2
Retrying test flackyTest for the 3 time.
]]></system-out>
  </testcase>
  <testcase name="flackyTest" classname="testng.RetryTest" time="0.0">
    <system-out><![CDATA[Running test 3
]]></system-out>
  </testcase>
  <testcase name="testMethod[1234, active](1)" classname="testng.DataProviderTest" time="0.001">
    <system-out><![CDATA[Test method executed 1234 with status: active
]]></system-out>
  </testcase>
  <testcase name="testMethod[4567, inactive](2)" classname="testng.DataProviderTest" time="0.0">
    <system-out><![CDATA[Test method executed 4567 with status: inactive
]]></system-out>
  </testcase>
  <testcase name="testMethod[8910, active](3)" classname="testng.DataProviderTest" time="0.0">
    <system-out><![CDATA[Test method executed 8910 with status: active
]]></system-out>
  </testcase>
  <testcase name="testMethod" classname="testng.SimpleTest" time="1.0"/>
  <testcase name="testMethod2" classname="testng.SimpleTest" time="0.505">
    <system-out><![CDATA[Running after each test method...
Running before each test method...
This is a simple test method 2.
Thread id: 41 name: TestNG-test-SimpleRegression-5
]]></system-out>
  </testcase>
  <testcase name="testMethod3" classname="testng.SimpleTest" time="0.506">
    <system-out><![CDATA[Running after each test method...
Running before each test method...
This is a simple test method 3.
Thread id: 41 name: TestNG-test-SimpleRegression-5
]]></system-out>
  </testcase>
</testsuite>