<?xml version="1.0" encoding="UTF-8"?>
<testsuite xmlns:xsi="http://www.w3.org/2001/XMLSchema-instance" xsi:noNamespaceSchemaLocation="https://maven.apache.org/surefire/maven-surefire-plugin/xsd/surefire-test-report.xsd" version="3.0.2" name="TestSuite" time="21.371" tests="7" errors="0" skipped="0" failures="0">
  <properties>
[...]
</properties>
  <testcase name="runScenario[&quot;&quot;, &quot;Add Object API&quot;](1)" classname="cucumber.runners.CucumberRunner" time="3.317">
    <system-out><![CDATA[
Scenario:                                                                      # src/test/resources/features/add_object.feature:13
  When Send a http "POST" request to "/webhook/api/login" with body:           # cucumber.definitions.RegisterDefinition.send_request_http(java.lang.String,java.lang.String,java.lang.String)
    """
    {
      "email": "user_15@test.com",
      "password": "Password1!"
    }
    """
Saved token: eyJhbGciOiJIUzI1NiIsInR5cCI6IkpXVCJ9.eyJpZCI6IjY3OCIsImlhdCI6MTc0ODU5NjQyMn0.jxLuYbjx1BZr5aWa861Q2wLIahnRagoCqhu2fi381gI
  And Save the token from the response to local storage                        # cucumber.definitions.LoginDefinition.save_the_token()
Token from context: eyJhbGciOiJIUzI1NiIsInR5cCI6IkpXVCJ9.eyJpZCI6IjY3OCIsImlhdCI6MTc0ODU5NjQyMn0.jxLuYbjx1BZr5aWa861Q2wLIahnRagoCqhu2fi381gI
  Given Make sure token in local storage not empty                             # cucumber.definitions.AddObjectDefinition.assert_token_in_variable()
  When Send a http "POST" request to "/webhook/api/objects" with body:         # cucumber.definitions.RegisterDefinition.send_request_http(java.lang.String,java.lang.String,java.lang.String)
    """
    {
      "name": "Apple MacBook Pro 16",
      "data": {
          "year": 2030,
          "price": 1849.99,
          "cpu_model": "Intel Core i9",
          "hard_disk_size": "1 TB",
          "capacity": "2 cpu",
          "screen_size": "14 Inch",
          "color": "red"
          }
      }
    """
  Then The response status must be 200                                         # cucumber.definitions.RegisterDefinition.send_request_http(int)
  And The response schema should be match with schema "add_object_schema.json" # cucumber.definitions.RegisterDefinition.schema_validation(java.lang.String)
  And Object name in the response must be "Apple MacBook Pro 16"               # cucumber.definitions.AddObjectDefinition.assert_object_name(java.lang.String)
  And Object year in the response must be "2030"                               # cucumber.definitions.AddObjectDefinition.assert_object_year(java.lang.String)
  And Object price in the response must be 1849.99                             # cucumber.definitions.AddObjectDefinition.assert_object_price(double)
  And Object cpu model in the response must be "Intel Core i9"                 # cucumber.definitions.AddObjectDefinition.assert_object_cpu_model(java.lang.String)
  And Object hard disk size in the response must be "1 TB"                     # cucumber.definitions.AddObjectDefinition.assert_object_hard_disk_size(java.lang.String)
  And Object capacity in the response must be "2 cpu"                          # cucumber.definitions.AddObjectDefinition.assert_object_capacity(java.lang.String)
  And Object screen size in the response must be "14 Inch"                     # cucumber.definitions.AddObjectDefinition.assert_object_screen_size(java.lang.String)
  And Object color in the response must be "red"                               # cucumber.definitions.AddObjectDefinition.assert_object_color(java.lang.String)
]]></system-out>
    <system-err><![CDATA[SLF4J(W): No SLF4J providers were found.
SLF4J(W): Defaulting to no-operation (NOP) logger implementation
SLF4J(W): See https://www.slf4j.org/codes.html#noProviders for further details.
]]></system-err>
  </testcase>
  <testcase name="runScenario[&quot;&quot;, &quot;Detele Object API&quot;](2)" classname="cucumber.runners.CucumberRunner" time="3.956">
    <system-out><![CDATA[
Scenario:                                                                                                          # src/test/resources/features/delete_object.feature:13
  When Send a http "POST" request to "/webhook/api/login" with body:                                               # cucumber.definitions.RegisterDefinition.send_request_http(java.lang.String,java.lang.String,java.lang.String)
    """
    {
      "email": "user_15@test.com",
      "password": "Password1!"
    }
    """
Saved token: eyJhbGciOiJIUzI1NiIsInR5cCI6IkpXVCJ9.eyJpZCI6IjY3OCIsImlhdCI6MTc0ODU5NjQyNH0.o-tC8rwJ92dYKIMV1C0128U5xwqjy25qxgwN0zOU0k4
  And Save the token from the response to local storage                                                            # cucumber.definitions.LoginDefinition.save_the_token()
Token from context: eyJhbGciOiJIUzI1NiIsInR5cCI6IkpXVCJ9.eyJpZCI6IjY3OCIsImlhdCI6MTc0ODU5NjQyNH0.o-tC8rwJ92dYKIMV1C0128U5xwqjy25qxgwN0zOU0k4
  Given Make sure token in local storage not empty                                                                 # cucumber.definitions.AddObjectDefinition.assert_token_in_variable()
  When Send a http "GET" request to "/webhook/api/objects" with body:                                              # cucumber.definitions.RegisterDefinition.send_request_http(java.lang.String,java.lang.String,java.lang.String)
    """
    {}
    """
  And Get first id from the list of objects                                                                        # cucumber.definitions.GetListObjectDefinition.get_first_id()
  When Send a http "DELETE" request to "/webhook/d79a30ed-1066-48b6-83f5-556120afc46f/api/objects/{id}" with body: # cucumber.definitions.RegisterDefinition.send_request_http(java.lang.String,java.lang.String,java.lang.String)
    """
    {}
    """
  Then The response status must be 200                                                                             # cucumber.definitions.RegisterDefinition.send_request_http(int)
deleted
  And The status in the response must be "deleted"                                                                 # cucumber.definitions.DeleteObjectDefinition.assert_status_deleted(java.lang.String)
Object with id = 1000, has been deleted.
  And The message in the response must be "Object with id = {id}, has been deleted."                               # cucumber.definitions.DeleteObjectDefinition.assert_message_deleted(java.lang.String)
]]></system-out>
  </testcase>
  <testcase name="runScenario[&quot;&quot;, &quot;Detele Object API&quot;](3)" classname="cucumber.runners.CucumberRunner" time="1.396">
    <system-out><![CDATA[
Scenario:                                                                                                          # src/test/resources/features/delete_object.feature:28
  When Send a http "POST" request to "/webhook/api/login" with body:                                               # cucumber.definitions.RegisterDefinition.send_request_http(java.lang.String,java.lang.String,java.lang.String)
    """
    {
      "email": "user_15@test.com",
      "password": "Password1!"
    }
    """
Saved token: eyJhbGciOiJIUzI1NiIsInR5cCI6IkpXVCJ9.eyJpZCI6IjY3OCIsImlhdCI6MTc0ODU5NjQyOH0.n5TF9QZtlk0Ymjw9oiBMJHLL73cfedClCUyGiPd4rXY
  And Save the token from the response to local storage                                                            # cucumber.definitions.LoginDefinition.save_the_token()
Token from context: eyJhbGciOiJIUzI1NiIsInR5cCI6IkpXVCJ9.eyJpZCI6IjY3OCIsImlhdCI6MTc0ODU5NjQyOH0.n5TF9QZtlk0Ymjw9oiBMJHLL73cfedClCUyGiPd4rXY
  Given Make sure token in local storage not empty                                                                 # cucumber.definitions.AddObjectDefinition.assert_token_in_variable()
  When Send a http "DELETE" request to "/webhook/d79a30ed-1066-48b6-83f5-556120afc46f/api/objects/{id}" with body: # cucumber.definitions.RegisterDefinition.send_request_http(java.lang.String,java.lang.String,java.lang.String)
    """
    {}
    """
  Then The response status must be 200                                                                             # cucumber.definitions.RegisterDefinition.send_request_http(int)
failed
  And The status in the response must be "failed"                                                                  # cucumber.definitions.DeleteObjectDefinition.assert_status_deleted(java.lang.String)
object with id = 1000 has been deleted or doesn't exist
  And The message in the response must be "object with id = {id} has been deleted or doesn't exist"                # cucumber.definitions.DeleteObjectDefinition.assert_message_deleted(java.lang.String)
]]></system-out>
  </testcase>
  <testcase name="runScenario[&quot;&quot;, &quot;Login API&quot;](4)" classname="cucumber.runners.CucumberRunner" time="0.644">
    <system-out><![CDATA[
Scenario:                                                            # src/test/resources/features/login.feature:3
  When Send a http "POST" request to "/webhook/api/login" with body: # cucumber.definitions.RegisterDefinition.send_request_http(java.lang.String,java.lang.String,java.lang.String)
    """
    {
      "email": "user_15@test.com",
      "password": "Password1!"
    }
    """
  Then The response status must be 200                               # cucumber.definitions.RegisterDefinition.send_request_http(int)
Saved token: eyJhbGciOiJIUzI1NiIsInR5cCI6IkpXVCJ9.eyJpZCI6IjY3OCIsImlhdCI6MTc0ODU5NjQyOX0.64xeq1n1C7Ktu5j2T27AAE5tewp_3Q8r2g3URm9Vqt4
  And Save the token from the response to local storage              # cucumber.definitions.LoginDefinition.save_the_token()
]]></system-out>
  </testcase>
  <testcase name="runScenario[&quot;&quot;, &quot;Partially Update Object API&quot;](5)" classname="cucumber.runners.CucumberRunner" time="2.656">
    <system-out><![CDATA[
Scenario:                                                                                                        # src/test/resources/features/partially_update_object.feature:13
  When Send a http "POST" request to "/webhook/api/login" with body:                                             # cucumber.definitions.RegisterDefinition.send_request_http(java.lang.String,java.lang.String,java.lang.String)
    """
    {
      "email": "user_15@test.com",
      "password": "Password1!"
    }
    """
Saved token: eyJhbGciOiJIUzI1NiIsInR5cCI6IkpXVCJ9.eyJpZCI6IjY3OCIsImlhdCI6MTc0ODU5NjQzMH0.__4GKSZw9P5Gi48I2_99bnX847rIwtb4LRbi0xzp-u8
  And Save the token from the response to local storage                                                          # cucumber.definitions.LoginDefinition.save_the_token()
Token from context: eyJhbGciOiJIUzI1NiIsInR5cCI6IkpXVCJ9.eyJpZCI6IjY3OCIsImlhdCI6MTc0ODU5NjQzMH0.__4GKSZw9P5Gi48I2_99bnX847rIwtb4LRbi0xzp-u8
  Given Make sure token in local storage not empty                                                               # cucumber.definitions.AddObjectDefinition.assert_token_in_variable()
  When Send a http "GET" request to "/webhook/api/objects" with body:                                            # cucumber.definitions.RegisterDefinition.send_request_http(java.lang.String,java.lang.String,java.lang.String)
    """
    {}
    """
  And Get first id from the list of objects                                                                      # cucumber.definitions.GetListObjectDefinition.get_first_id()
  When Send a http "PATCH" request to "/webhook/39a0f904-b0f2-4428-80a3-391cea5d7d04/api/object/{id}" with body: # cucumber.definitions.RegisterDefinition.send_request_http(java.lang.String,java.lang.String,java.lang.String)
    """
    {
      "name": "Apple MacBook Pro 14",
      "year": "2032"
    }
    """
  Then The response status must be 200                                                                           # cucumber.definitions.RegisterDefinition.send_request_http(int)
  And The response schema should be match with schema "partially_update_object_schema.json"                      # cucumber.definitions.RegisterDefinition.schema_validation(java.lang.String)
  And Partially updated object id in the response must be "{id}"                                                 # cucumber.definitions.PartiallyUpdateObjectDefinition.assert_partially_update_object_id(java.lang.String)
  And Partially updated object name in the response must be "Apple MacBook Pro 14"                               # cucumber.definitions.PartiallyUpdateObjectDefinition.assert_partially_update_object_name(java.lang.String)
  And Partially updated object year in the response must be "2032"                                               # cucumber.definitions.PartiallyUpdateObjectDefinition.assert_partially_update_object_year(java.lang.String)
]]></system-out>
  </testcase>
  <testcase name="runScenario[&quot;&quot;, &quot;Register API&quot;](6)" classname="cucumber.runners.CucumberRunner" time="0.659">
    <system-out><![CDATA[
Scenario:                                                                    # src/test/resources/features/register.feature:3
  When Send a http "POST" request to "/webhook/api/register" with body:      # cucumber.definitions.RegisterDefinition.send_request_http(java.lang.String,java.lang.String,java.lang.String)
    """
    {
      "email": "{email}",
      "password": "Password1!",
      "full_name": "Tester C",
      "department": "Executive",
      "phone_number": "081292983102"
    }
    """
  Then The response status must be 200                                       # cucumber.definitions.RegisterDefinition.send_request_http(int)
  And The response schema should be match with schema "register_schema.json" # cucumber.definitions.RegisterDefinition.schema_validation(java.lang.String)
  And Email in the response must be "{email}"                                # cucumber.definitions.RegisterDefinition.assert_email(java.lang.String)
  And Full name in the response must be "Tester C"                           # cucumber.definitions.RegisterDefinition.assert_full_name(java.lang.String)
  And Department in the response must be "Executive"                         # cucumber.definitions.RegisterDefinition.assert_department(java.lang.String)
  And Phone number in the response must be "081292983102"                    # cucumber.definitions.RegisterDefinition.assert_title(java.lang.String)
]]></system-out>
  </testcase>
  <testcase name="runScenario[&quot;&quot;, &quot;Update Object API&quot;](7)" classname="cucumber.runners.CucumberRunner" time="2.831">
    <system-out><![CDATA[
Scenario:                                                                                                       # src/test/resources/features/update_object.feature:13
  When Send a http "POST" request to "/webhook/api/login" with body:                                            # cucumber.definitions.RegisterDefinition.send_request_http(java.lang.String,java.lang.String,java.lang.String)
    """
    {
      "email": "user_15@test.com",
      "password": "Password1!"
    }
    """
Saved token: eyJhbGciOiJIUzI1NiIsInR5cCI6IkpXVCJ9.eyJpZCI6IjY3OCIsImlhdCI6MTc0ODU5NjQzM30.K9YhQcqu22ABXA7RoCdVE8-KObhyHH5L1eu3j7nGDbM
  And Save the token from the response to local storage                                                         # cucumber.definitions.LoginDefinition.save_the_token()
Token from context: eyJhbGciOiJIUzI1NiIsInR5cCI6IkpXVCJ9.eyJpZCI6IjY3OCIsImlhdCI6MTc0ODU5NjQzM30.K9YhQcqu22ABXA7RoCdVE8-KObhyHH5L1eu3j7nGDbM
  Given Make sure token in local storage not empty                                                              # cucumber.definitions.AddObjectDefinition.assert_token_in_variable()
  When Send a http "GET" request to "/webhook/api/objects" with body:                                           # cucumber.definitions.RegisterDefinition.send_request_http(java.lang.String,java.lang.String,java.lang.String)
    """
    {}
    """
  And Get first id from the list of objects                                                                     # cucumber.definitions.GetListObjectDefinition.get_first_id()
  When Send a http "PUT" request to "/webhook/37777abe-a5ef-4570-a383-c99b5f5f7906/api/objects/{id}" with body: # cucumber.definitions.RegisterDefinition.send_request_http(java.lang.String,java.lang.String,java.lang.String)
    """
    {
      "name": "Apple MacBook Pro 18",
      "data": {
        "year": 2035,
        "price": 1855.88,
        "cpu_model": "Intel Core i10",
        "hard_disk_size": "2 TB",
        "capacity": "3 cpu",
        "screen_size": "24 Inch",
        "color": "red"
      }
    }
    """
  Then The response status must be 200                                                                          # cucumber.definitions.RegisterDefinition.send_request_http(int)
  And The response schema should be match with schema "update_object_schema.json"                               # cucumber.definitions.RegisterDefinition.schema_validation(java.lang.String)
  And Updated object id in the response must be "{id}"                                                          # cucumber.definitions.UpdateObjectDefinition.assert_object_id(java.lang.String)
  And Updated object name in the response must be "Apple MacBook Pro 18"                                        # cucumber.definitions.UpdateObjectDefinition.assert_object_name(java.lang.String)
  And Updated object year in the response must be "2035"                                                        # cucumber.definitions.UpdateObjectDefinition.assert_object_year(java.lang.String)
  And Updated object price in the response must be 1855.88                                                      # cucumber.definitions.UpdateObjectDefinition.assert_object_price(double)
  And Updated object cpu model in the response must be "Intel Core i10"                                         # cucumber.definitions.UpdateObjectDefinition.assert_object_cpu_model(java.lang.String)
  And Updated object hard disk size in the response must be "2 TB"                                              # cucumber.definitions.UpdateObjectDefinition.assert_object_hard_disk_size(java.lang.String)
  And Updated object capacity in the response must be "3 cpu"                                                   # cucumber.definitions.UpdateObjectDefinition.assert_object_capacity(java.lang.String)
  And Updated object screen size in the response must be "24 Inch"                                              # cucumber.definitions.UpdateObjectDefinition.assert_object_screen_size(java.lang.String)
  And Updated object color in the response must be "red"                                                        # cucumber.definitions.UpdateObjectDefinition.assert_object_color(java.lang.String)
]]></system-out>
  </testcase>
</testsuite>