<?xml version="1.0" encoding="UTF-8"?>
<testng-results ignored="0" total="7" passed="7" failed="0" skipped="0">
  <reporter-output>
  </reporter-output>
  <suite started-at="2025-06-16T17:08:17 WIB" name="SeleniumScenarioSuite" finished-at="2025-06-16T17:08:33 WIB" duration-ms="15813">
    <groups>
    </groups>
    <test started-at="2025-06-16T17:08:17 WIB" name="SeleniumScenario" finished-at="2025-06-16T17:08:33 WIB" duration-ms="15813">
      <class name="selenium_scenario.CheckOutFlowE2E">
        <test-method is-config="true" signature="openBrowser(java.lang.String)[pri:0, instance:selenium_scenario.CheckOutFlowE2E@65c17e38]" started-at="2025-06-16T17:08:12 WIB" name="openBrowser" finished-at="2025-06-16T17:08:17 WIB" duration-ms="4777" status="PASS">
          <params>
            <param index="0">
              <value>
                <![CDATA[chrome]]>
              </value>
            </param>
          </params>
          <reporter-output>
          </reporter-output>
        </test-method> <!-- openBrowser -->
        <test-method signature="successfulLogin()[pri:0, instance:selenium_scenario.CheckOutFlowE2E@65c17e38]" started-at="2025-06-16T17:08:17 WIB" name="successfulLogin" finished-at="2025-06-16T17:08:17 WIB" duration-ms="402" status="PASS">
          <reporter-output>
          </reporter-output>
        </test-method> <!-- successfulLogin -->
        <test-method signature="searchAndViewProduct()[pri:0, instance:selenium_scenario.CheckOutFlowE2E@65c17e38]" started-at="2025-06-16T17:08:17 WIB" name="searchAndViewProduct" finished-at="2025-06-16T17:08:20 WIB" depends-on-methods="selenium_scenario.CheckOutFlowE2E.successfulLogin" duration-ms="3184" status="PASS">
          <reporter-output>
          </reporter-output>
        </test-method> <!-- searchAndViewProduct -->
        <test-method signature="verifyDataProductInProductViewPage()[pri:0, instance:selenium_scenario.CheckOutFlowE2E@65c17e38]" started-at="2025-06-16T17:08:20 WIB" name="verifyDataProductInProductViewPage" finished-at="2025-06-16T17:08:20 WIB" depends-on-methods="selenium_scenario.CheckOutFlowE2E.searchAndViewProduct" duration-ms="90" status="PASS">
          <reporter-output>
          </reporter-output>
        </test-method> <!-- verifyDataProductInProductViewPage -->
        <test-method signature="doATCAndOpenCartPage()[pri:0, instance:selenium_scenario.CheckOutFlowE2E@65c17e38]" started-at="2025-06-16T17:08:20 WIB" name="doATCAndOpenCartPage" finished-at="2025-06-16T17:08:29 WIB" depends-on-methods="selenium_scenario.CheckOutFlowE2E.verifyDataProductInProductViewPage" duration-ms="8138" status="PASS">
          <reporter-output>
          </reporter-output>
        </test-method> <!-- doATCAndOpenCartPage -->
        <test-method signature="doCheckout()[pri:0, instance:selenium_scenario.CheckOutFlowE2E@65c17e38]" started-at="2025-06-16T17:08:29 WIB" name="doCheckout" finished-at="2025-06-16T17:08:29 WIB" depends-on-methods="selenium_scenario.CheckOutFlowE2E.doATCAndOpenCartPage" duration-ms="393" status="PASS">
          <reporter-output>
          </reporter-output>
        </test-method> <!-- doCheckout -->
        <test-method signature="doPlaceOrder()[pri:0, instance:selenium_scenario.CheckOutFlowE2E@65c17e38]" started-at="2025-06-16T17:08:29 WIB" name="doPlaceOrder" finished-at="2025-06-16T17:08:30 WIB" depends-on-methods="selenium_scenario.CheckOutFlowE2E.doCheckout" duration-ms="514" status="PASS">
          <reporter-output>
          </reporter-output>
        </test-method> <!-- doPlaceOrder -->
        <test-method signature="verifyOrderCreated()[pri:0, instance:selenium_scenario.CheckOutFlowE2E@65c17e38]" started-at="2025-06-16T17:08:30 WIB" name="verifyOrderCreated" finished-at="2025-06-16T17:08:33 WIB" depends-on-methods="selenium_scenario.CheckOutFlowE2E.doPlaceOrder" duration-ms="3065" status="PASS">
          <reporter-output>
          </reporter-output>
        </test-method> <!-- verifyOrderCreated -->
      </class> <!-- selenium_scenario.CheckOutFlowE2E -->
    </test> <!-- SeleniumScenario -->
  </suite> <!-- SeleniumScenarioSuite -->
</testng-results>
