<?xml version="1.0" encoding="UTF-8"?>
<!-- Generated by org.testng.reporters.JUnitXMLReporter -->
<testsuite ignored="0" hostname="salsas-MacBook-Air.local" failures="0" tests="8" name="SeleniumScenario" time="16.297" errors="0" timestamp="2025-06-17T10:40:26 WIB">
  <testcase classname="selenium_scenario.CheckOutFlowE2E" name="successfulRegister" time="0.766"/>
  <testcase classname="selenium_scenario.CheckOutFlowE2E" name="successfulLogin" time="0.311"/>
  <testcase classname="selenium_scenario.CheckOutFlowE2E" name="searchAndViewProduct" time="3.154"/>
  <testcase classname="selenium_scenario.CheckOutFlowE2E" name="verifyDataProductInProductViewPage" time="0.143"/>
  <testcase classname="selenium_scenario.CheckOutFlowE2E" name="doATCAndOpenCartPage" time="8.154"/>
  <testcase classname="selenium_scenario.CheckOutFlowE2E" name="doCheckout" time="0.187"/>
  <testcase classname="selenium_scenario.CheckOutFlowE2E" name="doPlaceOrder" time="0.496"/>
  <testcase classname="selenium_scenario.CheckOutFlowE2E" name="verifyOrderCreated" time="3.067"/>
</testsuite> <!-- SeleniumScenario -->
