<?xml version="1.0" encoding="UTF-8"?>
<!-- Generated by org.testng.reporters.JUnitXMLReporter -->
<testsuite ignored="0" hostname="salsas-MacBook-Air.local" failures="0" tests="11" name="PojoE2ETests" time="11.316" errors="0" timestamp="2025-05-24T16:58:01 WIB">
  <testcase classname="e2e.pojo.GetListObject" name="registerUser" time="1.735"/>
  <testcase classname="e2e.pojo.GetListObject" name="loginUser" time="1.242"/>
  <testcase classname="e2e.pojo.AddObject" name="addObject" time="0.873"/>
  <testcase classname="e2e.pojo.GetListObject" name="getListAllObject" time="1.556"/>
  <testcase classname="e2e.pojo.AddObject" name="getObjectbyID" time="0.794"/>
  <testcase classname="e2e.pojo.UpdateObject" name="updateObject" time="0.921"/>
  <testcase classname="e2e.pojo.UpdateObject" name="partiallyUpdateObject" time="0.919"/>
  <testcase classname="e2e.pojo.UpdateObject" name="validateGetUpdatedObject" time="0.804"/>
  <testcase classname="e2e.pojo.DeleteObject" name="deleteObject" time="0.804"/>
  <testcase classname="e2e.pojo.DeleteObject" name="deleteObject" time="0.797"/>
  <testcase classname="e2e.pojo.DeleteObject" name="validateGetDeletedObject" time="0.846"/>
</testsuite> <!-- PojoE2ETests -->
