<?xml version="1.0" encoding="UTF-8"?>
<!-- Generated by org.testng.reporters.JUnitXMLReporter -->
<testsuite ignored="0" hostname="salsas-MacBook-Air.local" failures="0" tests="11" name="PojoE2ETests" time="14.557" errors="0" timestamp="2025-05-25T12:53:25 WIB">
  <testcase classname="e2e.pojo.GetListObject" name="registerUser" time="2.003"/>
  <testcase classname="e2e.pojo.GetListObject" name="loginUser" time="1.015"/>
  <testcase classname="e2e.pojo.AddObject" name="addObject" time="1.506"/>
  <testcase classname="e2e.pojo.GetListObject" name="getListAllObject" time="1.162"/>
  <testcase classname="e2e.pojo.AddObject" name="getObjectbyID" time="1.09"/>
  <testcase classname="e2e.pojo.UpdateObject" name="updateObject" time="0.909"/>
  <testcase classname="e2e.pojo.UpdateObject" name="partiallyUpdateObject" time="1.02"/>
  <testcase classname="e2e.pojo.UpdateObject" name="validateGetUpdatedObject" time="1.79"/>
  <testcase classname="e2e.pojo.DeleteObject" name="deleteObject" time="1.682"/>
  <testcase classname="e2e.pojo.DeleteObject" name="deleteObject" time="0.916"/>
  <testcase classname="e2e.pojo.DeleteObject" name="validateGetDeletedObject" time="1.435"/>
</testsuite> <!-- PojoE2ETests -->
